CRITICAL - 2023-12-01 15:47:25 --> Invalid file: "index/app.php"
in SYSTEMPATH\Exceptions\FrameworkException.php on line 39.
 1 SYSTEMPATH\View\View.php(216): CodeIgniter\Exceptions\FrameworkException::forInvalidFile('index/app.php')
 2 SYSTEMPATH\Common.php(1190): CodeIgniter\View\View->render('index/app', [], true)
 3 APPPATH\Controllers\Home.php(9): view('index/app')
 4 SYSTEMPATH\CodeIgniter.php(942): App\Controllers\Home->index()
 5 SYSTEMPATH\CodeIgniter.php(502): CodeIgniter\CodeIgniter->runController(Object(App\Controllers\Home))
 6 SYSTEMPATH\CodeIgniter.php(361): CodeIgniter\CodeIgniter->handleRequest(null, Object(Config\Cache), false)
 7 FCPATH\index.php(79): CodeIgniter\CodeIgniter->run()
 8 SYSTEMPATH\Commands\Server\rewrite.php(47): require_once('C:\\Users\\Gerardo Mercier\\Desktop\\codeigniter4\\public\\index.php')
CRITICAL - 2023-12-01 15:48:07 --> Invalid file: "index/app.php"
in SYSTEMPATH\Exceptions\FrameworkException.php on line 39.
 1 SYSTEMPATH\View\View.php(216): CodeIgniter\Exceptions\FrameworkException::forInvalidFile('index/app.php')
 2 SYSTEMPATH\Common.php(1190): CodeIgniter\View\View->render('index/app', [], true)
 3 APPPATH\Controllers\Home.php(9): view('index/app')
 4 SYSTEMPATH\CodeIgniter.php(942): App\Controllers\Home->index()
 5 SYSTEMPATH\CodeIgniter.php(502): CodeIgniter\CodeIgniter->runController(Object(App\Controllers\Home))
 6 SYSTEMPATH\CodeIgniter.php(361): CodeIgniter\CodeIgniter->handleRequest(null, Object(Config\Cache), false)
 7 FCPATH\index.php(79): CodeIgniter\CodeIgniter->run()
 8 SYSTEMPATH\Commands\Server\rewrite.php(47): require_once('C:\\Users\\Gerardo Mercier\\Desktop\\codeigniter4\\public\\index.php')
CRITICAL - 2023-12-01 15:48:11 --> Invalid file: "index/app.php"
in SYSTEMPATH\Exceptions\FrameworkException.php on line 39.
 1 SYSTEMPATH\View\View.php(216): CodeIgniter\Exceptions\FrameworkException::forInvalidFile('index/app.php')
 2 SYSTEMPATH\Common.php(1190): CodeIgniter\View\View->render('index/app', [], true)
 3 APPPATH\Controllers\Home.php(9): view('index/app')
 4 SYSTEMPATH\CodeIgniter.php(942): App\Controllers\Home->index()
 5 SYSTEMPATH\CodeIgniter.php(502): CodeIgniter\CodeIgniter->runController(Object(App\Controllers\Home))
 6 SYSTEMPATH\CodeIgniter.php(361): CodeIgniter\CodeIgniter->handleRequest(null, Object(Config\Cache), false)
 7 FCPATH\index.php(79): CodeIgniter\CodeIgniter->run()
 8 SYSTEMPATH\Commands\Server\rewrite.php(47): require_once('C:\\Users\\Gerardo Mercier\\Desktop\\codeigniter4\\public\\index.php')
CRITICAL - 2023-12-01 15:50:20 --> View themes, no current section.
in SYSTEMPATH\View\View.php on line 425.
 1 APPPATH\Views\layout\layout.php(12): CodeIgniter\View\View->endSection()
 2 SYSTEMPATH\View\View.php(228): include('C:\\Users\\Gerardo Mercier\\Desktop\\codeigniter4\\app\\Views\\layout\\layout.php')
 3 SYSTEMPATH\View\View.php(231): CodeIgniter\View\View->CodeIgniter\View\{closure}()
 4 SYSTEMPATH\View\View.php(244): CodeIgniter\View\View->render('layout/layout', [], true)
 5 SYSTEMPATH\Common.php(1190): CodeIgniter\View\View->render('index/index', [], true)
 6 APPPATH\Controllers\Home.php(9): view('index/index')
 7 SYSTEMPATH\CodeIgniter.php(942): App\Controllers\Home->index()
 8 SYSTEMPATH\CodeIgniter.php(502): CodeIgniter\CodeIgniter->runController(Object(App\Controllers\Home))
 9 SYSTEMPATH\CodeIgniter.php(361): CodeIgniter\CodeIgniter->handleRequest(null, Object(Config\Cache), false)
10 FCPATH\index.php(79): CodeIgniter\CodeIgniter->run()
11 SYSTEMPATH\Commands\Server\rewrite.php(47): require_once('C:\\Users\\Gerardo Mercier\\Desktop\\codeigniter4\\public\\index.php')
CRITICAL - 2023-12-01 15:50:25 --> View themes, no current section.
in SYSTEMPATH\View\View.php on line 425.
 1 APPPATH\Views\layout\layout.php(12): CodeIgniter\View\View->endSection()
 2 SYSTEMPATH\View\View.php(228): include('C:\\Users\\Gerardo Mercier\\Desktop\\codeigniter4\\app\\Views\\layout\\layout.php')
 3 SYSTEMPATH\View\View.php(231): CodeIgniter\View\View->CodeIgniter\View\{closure}()
 4 SYSTEMPATH\View\View.php(244): CodeIgniter\View\View->render('layout/layout', [], true)
 5 SYSTEMPATH\Common.php(1190): CodeIgniter\View\View->render('index/index', [], true)
 6 APPPATH\Controllers\Home.php(9): view('index/index')
 7 SYSTEMPATH\CodeIgniter.php(942): App\Controllers\Home->index()
 8 SYSTEMPATH\CodeIgniter.php(502): CodeIgniter\CodeIgniter->runController(Object(App\Controllers\Home))
 9 SYSTEMPATH\CodeIgniter.php(361): CodeIgniter\CodeIgniter->handleRequest(null, Object(Config\Cache), false)
10 FCPATH\index.php(79): CodeIgniter\CodeIgniter->run()
11 SYSTEMPATH\Commands\Server\rewrite.php(47): require_once('C:\\Users\\Gerardo Mercier\\Desktop\\codeigniter4\\public\\index.php')
CRITICAL - 2023-12-01 15:59:21 --> Invalid file: "header.php"
in SYSTEMPATH\Exceptions\FrameworkException.php on line 39.
 1 SYSTEMPATH\View\View.php(216): CodeIgniter\Exceptions\FrameworkException::forInvalidFile('header.php')
 2 SYSTEMPATH\View\View.php(469): CodeIgniter\View\View->render('header', null, true)
 3 APPPATH\Views\layout\layout.php(10): CodeIgniter\View\View->include('header')
 4 SYSTEMPATH\View\View.php(228): include('C:\\Users\\Gerardo Mercier\\Desktop\\codeigniter4\\app\\Views\\layout\\layout.php')
 5 SYSTEMPATH\View\View.php(231): CodeIgniter\View\View->CodeIgniter\View\{closure}()
 6 SYSTEMPATH\View\View.php(244): CodeIgniter\View\View->render('layout/layout', [], true)
 7 SYSTEMPATH\Common.php(1190): CodeIgniter\View\View->render('index/index', [], true)
 8 APPPATH\Controllers\Home.php(9): view('index/index')
 9 SYSTEMPATH\CodeIgniter.php(942): App\Controllers\Home->index()
10 SYSTEMPATH\CodeIgniter.php(502): CodeIgniter\CodeIgniter->runController(Object(App\Controllers\Home))
11 SYSTEMPATH\CodeIgniter.php(361): CodeIgniter\CodeIgniter->handleRequest(null, Object(Config\Cache), false)
12 FCPATH\index.php(79): CodeIgniter\CodeIgniter->run()
13 SYSTEMPATH\Commands\Server\rewrite.php(47): require_once('C:\\Users\\Gerardo Mercier\\Desktop\\codeigniter4\\public\\index.php')
CRITICAL - 2023-12-01 16:02:04 --> Invalid file: "layout.php"
in SYSTEMPATH\Exceptions\FrameworkException.php on line 39.
 1 SYSTEMPATH\View\View.php(216): CodeIgniter\Exceptions\FrameworkException::forInvalidFile('layout.php')
 2 SYSTEMPATH\View\View.php(244): CodeIgniter\View\View->render('layout', null, true)
 3 SYSTEMPATH\View\View.php(469): CodeIgniter\View\View->render('layout/header', null, true)
 4 APPPATH\Views\layout\layout.php(10): CodeIgniter\View\View->include('layout/header')
 5 SYSTEMPATH\View\View.php(228): include('C:\\Users\\Gerardo Mercier\\Desktop\\codeigniter4\\app\\Views\\layout\\layout.php')
 6 SYSTEMPATH\View\View.php(231): CodeIgniter\View\View->CodeIgniter\View\{closure}()
 7 SYSTEMPATH\View\View.php(244): CodeIgniter\View\View->render('layout/layout', [], true)
 8 SYSTEMPATH\Common.php(1190): CodeIgniter\View\View->render('index/index', [], true)
 9 APPPATH\Controllers\Home.php(9): view('index/index')
10 SYSTEMPATH\CodeIgniter.php(942): App\Controllers\Home->index()
11 SYSTEMPATH\CodeIgniter.php(502): CodeIgniter\CodeIgniter->runController(Object(App\Controllers\Home))
12 SYSTEMPATH\CodeIgniter.php(361): CodeIgniter\CodeIgniter->handleRequest(null, Object(Config\Cache), false)
13 FCPATH\index.php(79): CodeIgniter\CodeIgniter->run()
14 SYSTEMPATH\Commands\Server\rewrite.php(47): require_once('C:\\Users\\Gerardo Mercier\\Desktop\\codeigniter4\\public\\index.php')
CRITICAL - 2023-12-01 16:02:28 --> Invalid file: "/header.php"
in SYSTEMPATH\Exceptions\FrameworkException.php on line 39.
 1 SYSTEMPATH\View\View.php(216): CodeIgniter\Exceptions\FrameworkException::forInvalidFile('/header.php')
 2 SYSTEMPATH\View\View.php(469): CodeIgniter\View\View->render('/header', null, true)
 3 APPPATH\Views\layout\layout.php(10): CodeIgniter\View\View->include('/header')
 4 SYSTEMPATH\View\View.php(228): include('C:\\Users\\Gerardo Mercier\\Desktop\\codeigniter4\\app\\Views\\layout\\layout.php')
 5 SYSTEMPATH\View\View.php(231): CodeIgniter\View\View->CodeIgniter\View\{closure}()
 6 SYSTEMPATH\View\View.php(244): CodeIgniter\View\View->render('layout/layout', [], true)
 7 SYSTEMPATH\Common.php(1190): CodeIgniter\View\View->render('index/index', [], true)
 8 APPPATH\Controllers\Home.php(9): view('index/index')
 9 SYSTEMPATH\CodeIgniter.php(942): App\Controllers\Home->index()
10 SYSTEMPATH\CodeIgniter.php(502): CodeIgniter\CodeIgniter->runController(Object(App\Controllers\Home))
11 SYSTEMPATH\CodeIgniter.php(361): CodeIgniter\CodeIgniter->handleRequest(null, Object(Config\Cache), false)
12 FCPATH\index.php(79): CodeIgniter\CodeIgniter->run()
13 SYSTEMPATH\Commands\Server\rewrite.php(47): require_once('C:\\Users\\Gerardo Mercier\\Desktop\\codeigniter4\\public\\index.php')
CRITICAL - 2023-12-01 16:04:08 --> Invalid file: "layout.php"
in SYSTEMPATH\Exceptions\FrameworkException.php on line 39.
 1 SYSTEMPATH\View\View.php(216): CodeIgniter\Exceptions\FrameworkException::forInvalidFile('layout.php')
 2 SYSTEMPATH\View\View.php(244): CodeIgniter\View\View->render('layout', null, true)
 3 SYSTEMPATH\View\View.php(469): CodeIgniter\View\View->render('layout/header', null, true)
 4 APPPATH\Views\layout\layout.php(10): CodeIgniter\View\View->include('layout/header')
 5 SYSTEMPATH\View\View.php(228): include('C:\\Users\\Gerardo Mercier\\Desktop\\codeigniter4\\app\\Views\\layout\\layout.php')
 6 SYSTEMPATH\View\View.php(231): CodeIgniter\View\View->CodeIgniter\View\{closure}()
 7 SYSTEMPATH\View\View.php(244): CodeIgniter\View\View->render('layout/layout', [], true)
 8 SYSTEMPATH\Common.php(1190): CodeIgniter\View\View->render('index/index', [], true)
 9 APPPATH\Controllers\Home.php(9): view('index/index')
10 SYSTEMPATH\CodeIgniter.php(942): App\Controllers\Home->index()
11 SYSTEMPATH\CodeIgniter.php(502): CodeIgniter\CodeIgniter->runController(Object(App\Controllers\Home))
12 SYSTEMPATH\CodeIgniter.php(361): CodeIgniter\CodeIgniter->handleRequest(null, Object(Config\Cache), false)
13 FCPATH\index.php(79): CodeIgniter\CodeIgniter->run()
14 SYSTEMPATH\Commands\Server\rewrite.php(47): require_once('C:\\Users\\Gerardo Mercier\\Desktop\\codeigniter4\\public\\index.php')
CRITICAL - 2023-12-01 19:23:33 --> view(): Argument #2 ($data) must be of type array, App\Models\UnoModel given, called in C:\Users\Gerardo Mercier\Desktop\codeigniter4\app\Controllers\Home.php on line 20
in SYSTEMPATH\Common.php on line 1178.
 1 APPPATH\Controllers\Home.php(20): view('index/index', Object(App\Models\UnoModel))
 2 SYSTEMPATH\CodeIgniter.php(942): App\Controllers\Home->index()
 3 SYSTEMPATH\CodeIgniter.php(502): CodeIgniter\CodeIgniter->runController(Object(App\Controllers\Home))
 4 SYSTEMPATH\CodeIgniter.php(361): CodeIgniter\CodeIgniter->handleRequest(null, Object(Config\Cache), false)
 5 FCPATH\index.php(79): CodeIgniter\CodeIgniter->run()
 6 SYSTEMPATH\Commands\Server\rewrite.php(47): require_once('C:\\Users\\Gerardo Mercier\\Desktop\\codeigniter4\\public\\index.php')
CRITICAL - 2023-12-01 19:25:45 --> view(): Argument #2 ($data) must be of type array, App\Models\UnoModel given, called in C:\Users\Gerardo Mercier\Desktop\codeigniter4\app\Controllers\Home.php on line 14
in SYSTEMPATH\Common.php on line 1178.
 1 APPPATH\Controllers\Home.php(14): view('index/index', Object(App\Models\UnoModel))
 2 SYSTEMPATH\CodeIgniter.php(942): App\Controllers\Home->index()
 3 SYSTEMPATH\CodeIgniter.php(502): CodeIgniter\CodeIgniter->runController(Object(App\Controllers\Home))
 4 SYSTEMPATH\CodeIgniter.php(361): CodeIgniter\CodeIgniter->handleRequest(null, Object(Config\Cache), false)
 5 FCPATH\index.php(79): CodeIgniter\CodeIgniter->run()
 6 SYSTEMPATH\Commands\Server\rewrite.php(47): require_once('C:\\Users\\Gerardo Mercier\\Desktop\\codeigniter4\\public\\index.php')
CRITICAL - 2023-12-01 19:26:18 --> view(): Argument #2 ($data) must be of type array, App\Models\UnoModel given, called in C:\Users\Gerardo Mercier\Desktop\codeigniter4\app\Controllers\Home.php on line 14
in SYSTEMPATH\Common.php on line 1178.
 1 APPPATH\Controllers\Home.php(14): view('index/index', Object(App\Models\UnoModel))
 2 SYSTEMPATH\CodeIgniter.php(942): App\Controllers\Home->index()
 3 SYSTEMPATH\CodeIgniter.php(502): CodeIgniter\CodeIgniter->runController(Object(App\Controllers\Home))
 4 SYSTEMPATH\CodeIgniter.php(361): CodeIgniter\CodeIgniter->handleRequest(null, Object(Config\Cache), false)
 5 FCPATH\index.php(79): CodeIgniter\CodeIgniter->run()
 6 SYSTEMPATH\Commands\Server\rewrite.php(47): require_once('C:\\Users\\Gerardo Mercier\\Desktop\\codeigniter4\\public\\index.php')
CRITICAL - 2023-12-01 19:27:12 --> view(): Argument #2 ($data) must be of type array, App\Models\UnoModel given, called in C:\Users\Gerardo Mercier\Desktop\codeigniter4\app\Controllers\Home.php on line 14
in SYSTEMPATH\Common.php on line 1178.
 1 APPPATH\Controllers\Home.php(14): view('index/index', Object(App\Models\UnoModel))
 2 SYSTEMPATH\CodeIgniter.php(942): App\Controllers\Home->index()
 3 SYSTEMPATH\CodeIgniter.php(502): CodeIgniter\CodeIgniter->runController(Object(App\Controllers\Home))
 4 SYSTEMPATH\CodeIgniter.php(361): CodeIgniter\CodeIgniter->handleRequest(null, Object(Config\Cache), false)
 5 FCPATH\index.php(79): CodeIgniter\CodeIgniter->run()
 6 SYSTEMPATH\Commands\Server\rewrite.php(47): require_once('C:\\Users\\Gerardo Mercier\\Desktop\\codeigniter4\\public\\index.php')
CRITICAL - 2023-12-01 19:30:13 --> view(): Argument #2 ($data) must be of type array, App\Models\UnoModel given, called in C:\Users\Gerardo Mercier\Desktop\codeigniter4\app\Controllers\Home.php on line 14
in SYSTEMPATH\Common.php on line 1178.
 1 APPPATH\Controllers\Home.php(14): view('index/index', Object(App\Models\UnoModel))
 2 SYSTEMPATH\CodeIgniter.php(942): App\Controllers\Home->index()
 3 SYSTEMPATH\CodeIgniter.php(502): CodeIgniter\CodeIgniter->runController(Object(App\Controllers\Home))
 4 SYSTEMPATH\CodeIgniter.php(361): CodeIgniter\CodeIgniter->handleRequest(null, Object(Config\Cache), false)
 5 FCPATH\index.php(79): CodeIgniter\CodeIgniter->run()
 6 SYSTEMPATH\Commands\Server\rewrite.php(47): require_once('C:\\Users\\Gerardo Mercier\\Desktop\\codeigniter4\\public\\index.php')
CRITICAL - 2023-12-01 19:31:10 --> view(): Argument #2 ($data) must be of type array, App\Models\UnoModel given, called in C:\Users\Gerardo Mercier\Desktop\codeigniter4\app\Controllers\Home.php on line 14
in SYSTEMPATH\Common.php on line 1178.
 1 APPPATH\Controllers\Home.php(14): view('index/index', Object(App\Models\UnoModel))
 2 SYSTEMPATH\CodeIgniter.php(942): App\Controllers\Home->index()
 3 SYSTEMPATH\CodeIgniter.php(502): CodeIgniter\CodeIgniter->runController(Object(App\Controllers\Home))
 4 SYSTEMPATH\CodeIgniter.php(361): CodeIgniter\CodeIgniter->handleRequest(null, Object(Config\Cache), false)
 5 FCPATH\index.php(79): CodeIgniter\CodeIgniter->run()
 6 SYSTEMPATH\Commands\Server\rewrite.php(47): require_once('C:\\Users\\Gerardo Mercier\\Desktop\\codeigniter4\\public\\index.php')
CRITICAL - 2023-12-01 19:33:57 --> Attempt to read property "id" on null
in APPPATH\Views\index\index.php on line 99.
 1 APPPATH\Views\index\index.php(99): CodeIgniter\Debug\Exceptions->errorHandler(2, 'Attempt to read property "id" on null', 'C:\\Users\\Gerardo Mercier\\Desktop\\codeigniter4\\app\\Views\\index\\index.php', 99)
 2 SYSTEMPATH\View\View.php(228): include('C:\\Users\\Gerardo Mercier\\Desktop\\codeigniter4\\app\\Views\\index\\index.php')
 3 SYSTEMPATH\View\View.php(231): CodeIgniter\View\View->CodeIgniter\View\{closure}()
 4 SYSTEMPATH\Common.php(1190): CodeIgniter\View\View->render('index/index', [], true)
 5 APPPATH\Controllers\Home.php(20): view('index/index', [...])
 6 SYSTEMPATH\CodeIgniter.php(942): App\Controllers\Home->index()
 7 SYSTEMPATH\CodeIgniter.php(502): CodeIgniter\CodeIgniter->runController(Object(App\Controllers\Home))
 8 SYSTEMPATH\CodeIgniter.php(361): CodeIgniter\CodeIgniter->handleRequest(null, Object(Config\Cache), false)
 9 FCPATH\index.php(79): CodeIgniter\CodeIgniter->run()
10 SYSTEMPATH\Commands\Server\rewrite.php(47): require_once('C:\\Users\\Gerardo Mercier\\Desktop\\codeigniter4\\public\\index.php')
CRITICAL - 2023-12-01 19:34:17 --> Attempt to read property "id" on null
in APPPATH\Views\index\index.php on line 99.
 1 APPPATH\Views\index\index.php(99): CodeIgniter\Debug\Exceptions->errorHandler(2, 'Attempt to read property "id" on null', 'C:\\Users\\Gerardo Mercier\\Desktop\\codeigniter4\\app\\Views\\index\\index.php', 99)
 2 SYSTEMPATH\View\View.php(228): include('C:\\Users\\Gerardo Mercier\\Desktop\\codeigniter4\\app\\Views\\index\\index.php')
 3 SYSTEMPATH\View\View.php(231): CodeIgniter\View\View->CodeIgniter\View\{closure}()
 4 SYSTEMPATH\Common.php(1190): CodeIgniter\View\View->render('index/index', [], true)
 5 APPPATH\Controllers\Home.php(20): view('index/index', [...])
 6 SYSTEMPATH\CodeIgniter.php(942): App\Controllers\Home->index()
 7 SYSTEMPATH\CodeIgniter.php(502): CodeIgniter\CodeIgniter->runController(Object(App\Controllers\Home))
 8 SYSTEMPATH\CodeIgniter.php(361): CodeIgniter\CodeIgniter->handleRequest(null, Object(Config\Cache), false)
 9 FCPATH\index.php(79): CodeIgniter\CodeIgniter->run()
10 SYSTEMPATH\Commands\Server\rewrite.php(47): require_once('C:\\Users\\Gerardo Mercier\\Desktop\\codeigniter4\\public\\index.php')
CRITICAL - 2023-12-01 19:34:19 --> Attempt to read property "id" on null
in APPPATH\Views\index\index.php on line 99.
 1 APPPATH\Views\index\index.php(99): CodeIgniter\Debug\Exceptions->errorHandler(2, 'Attempt to read property "id" on null', 'C:\\Users\\Gerardo Mercier\\Desktop\\codeigniter4\\app\\Views\\index\\index.php', 99)
 2 SYSTEMPATH\View\View.php(228): include('C:\\Users\\Gerardo Mercier\\Desktop\\codeigniter4\\app\\Views\\index\\index.php')
 3 SYSTEMPATH\View\View.php(231): CodeIgniter\View\View->CodeIgniter\View\{closure}()
 4 SYSTEMPATH\Common.php(1190): CodeIgniter\View\View->render('index/index', [], true)
 5 APPPATH\Controllers\Home.php(20): view('index/index', [...])
 6 SYSTEMPATH\CodeIgniter.php(942): App\Controllers\Home->index()
 7 SYSTEMPATH\CodeIgniter.php(502): CodeIgniter\CodeIgniter->runController(Object(App\Controllers\Home))
 8 SYSTEMPATH\CodeIgniter.php(361): CodeIgniter\CodeIgniter->handleRequest(null, Object(Config\Cache), false)
 9 FCPATH\index.php(79): CodeIgniter\CodeIgniter->run()
10 SYSTEMPATH\Commands\Server\rewrite.php(47): require_once('C:\\Users\\Gerardo Mercier\\Desktop\\codeigniter4\\public\\index.php')
CRITICAL - 2023-12-01 19:35:04 --> Attempt to read property "id" on null
in APPPATH\Views\index\index.php on line 99.
 1 APPPATH\Views\index\index.php(99): CodeIgniter\Debug\Exceptions->errorHandler(2, 'Attempt to read property "id" on null', 'C:\\Users\\Gerardo Mercier\\Desktop\\codeigniter4\\app\\Views\\index\\index.php', 99)
 2 SYSTEMPATH\View\View.php(228): include('C:\\Users\\Gerardo Mercier\\Desktop\\codeigniter4\\app\\Views\\index\\index.php')
 3 SYSTEMPATH\View\View.php(231): CodeIgniter\View\View->CodeIgniter\View\{closure}()
 4 SYSTEMPATH\Common.php(1190): CodeIgniter\View\View->render('index/index', [], true)
 5 APPPATH\Controllers\Home.php(20): view('index/index', [...])
 6 SYSTEMPATH\CodeIgniter.php(942): App\Controllers\Home->index()
 7 SYSTEMPATH\CodeIgniter.php(502): CodeIgniter\CodeIgniter->runController(Object(App\Controllers\Home))
 8 SYSTEMPATH\CodeIgniter.php(361): CodeIgniter\CodeIgniter->handleRequest(null, Object(Config\Cache), false)
 9 FCPATH\index.php(79): CodeIgniter\CodeIgniter->run()
10 SYSTEMPATH\Commands\Server\rewrite.php(47): require_once('C:\\Users\\Gerardo Mercier\\Desktop\\codeigniter4\\public\\index.php')
CRITICAL - 2023-12-01 19:35:32 --> Attempt to read property "imagen" on null
in APPPATH\Views\index\index.php on line 100.
 1 APPPATH\Views\index\index.php(100): CodeIgniter\Debug\Exceptions->errorHandler(2, 'Attempt to read property "imagen" on null', 'C:\\Users\\Gerardo Mercier\\Desktop\\codeigniter4\\app\\Views\\index\\index.php', 100)
 2 SYSTEMPATH\View\View.php(228): include('C:\\Users\\Gerardo Mercier\\Desktop\\codeigniter4\\app\\Views\\index\\index.php')
 3 SYSTEMPATH\View\View.php(231): CodeIgniter\View\View->CodeIgniter\View\{closure}()
 4 SYSTEMPATH\Common.php(1190): CodeIgniter\View\View->render('index/index', [], true)
 5 APPPATH\Controllers\Home.php(20): view('index/index', [...])
 6 SYSTEMPATH\CodeIgniter.php(942): App\Controllers\Home->index()
 7 SYSTEMPATH\CodeIgniter.php(502): CodeIgniter\CodeIgniter->runController(Object(App\Controllers\Home))
 8 SYSTEMPATH\CodeIgniter.php(361): CodeIgniter\CodeIgniter->handleRequest(null, Object(Config\Cache), false)
 9 FCPATH\index.php(79): CodeIgniter\CodeIgniter->run()
10 SYSTEMPATH\Commands\Server\rewrite.php(47): require_once('C:\\Users\\Gerardo Mercier\\Desktop\\codeigniter4\\public\\index.php')
CRITICAL - 2023-12-01 19:36:39 --> Attempt to read property "imagen" on null
in APPPATH\Views\index\index.php on line 100.
 1 APPPATH\Views\index\index.php(100): CodeIgniter\Debug\Exceptions->errorHandler(2, 'Attempt to read property "imagen" on null', 'C:\\Users\\Gerardo Mercier\\Desktop\\codeigniter4\\app\\Views\\index\\index.php', 100)
 2 SYSTEMPATH\View\View.php(228): include('C:\\Users\\Gerardo Mercier\\Desktop\\codeigniter4\\app\\Views\\index\\index.php')
 3 SYSTEMPATH\View\View.php(231): CodeIgniter\View\View->CodeIgniter\View\{closure}()
 4 SYSTEMPATH\Common.php(1190): CodeIgniter\View\View->render('index/index', [], true)
 5 APPPATH\Controllers\Home.php(20): view('index/index', [...])
 6 SYSTEMPATH\CodeIgniter.php(942): App\Controllers\Home->index()
 7 SYSTEMPATH\CodeIgniter.php(502): CodeIgniter\CodeIgniter->runController(Object(App\Controllers\Home))
 8 SYSTEMPATH\CodeIgniter.php(361): CodeIgniter\CodeIgniter->handleRequest(null, Object(Config\Cache), false)
 9 FCPATH\index.php(79): CodeIgniter\CodeIgniter->run()
10 SYSTEMPATH\Commands\Server\rewrite.php(47): require_once('C:\\Users\\Gerardo Mercier\\Desktop\\codeigniter4\\public\\index.php')
CRITICAL - 2023-12-01 19:36:43 --> Attempt to read property "imagen" on null
in APPPATH\Views\index\index.php on line 100.
 1 APPPATH\Views\index\index.php(100): CodeIgniter\Debug\Exceptions->errorHandler(2, 'Attempt to read property "imagen" on null', 'C:\\Users\\Gerardo Mercier\\Desktop\\codeigniter4\\app\\Views\\index\\index.php', 100)
 2 SYSTEMPATH\View\View.php(228): include('C:\\Users\\Gerardo Mercier\\Desktop\\codeigniter4\\app\\Views\\index\\index.php')
 3 SYSTEMPATH\View\View.php(231): CodeIgniter\View\View->CodeIgniter\View\{closure}()
 4 SYSTEMPATH\Common.php(1190): CodeIgniter\View\View->render('index/index', [], true)
 5 APPPATH\Controllers\Home.php(20): view('index/index', [...])
 6 SYSTEMPATH\CodeIgniter.php(942): App\Controllers\Home->index()
 7 SYSTEMPATH\CodeIgniter.php(502): CodeIgniter\CodeIgniter->runController(Object(App\Controllers\Home))
 8 SYSTEMPATH\CodeIgniter.php(361): CodeIgniter\CodeIgniter->handleRequest(null, Object(Config\Cache), false)
 9 FCPATH\index.php(79): CodeIgniter\CodeIgniter->run()
10 SYSTEMPATH\Commands\Server\rewrite.php(47): require_once('C:\\Users\\Gerardo Mercier\\Desktop\\codeigniter4\\public\\index.php')
CRITICAL - 2023-12-01 19:37:21 --> Attempt to read property "imagen" on null
in APPPATH\Views\index\index.php on line 100.
 1 APPPATH\Views\index\index.php(100): CodeIgniter\Debug\Exceptions->errorHandler(2, 'Attempt to read property "imagen" on null', 'C:\\Users\\Gerardo Mercier\\Desktop\\codeigniter4\\app\\Views\\index\\index.php', 100)
 2 SYSTEMPATH\View\View.php(228): include('C:\\Users\\Gerardo Mercier\\Desktop\\codeigniter4\\app\\Views\\index\\index.php')
 3 SYSTEMPATH\View\View.php(231): CodeIgniter\View\View->CodeIgniter\View\{closure}()
 4 SYSTEMPATH\Common.php(1190): CodeIgniter\View\View->render('index/index', [], true)
 5 APPPATH\Controllers\Home.php(20): view('index/index', [...])
 6 SYSTEMPATH\CodeIgniter.php(942): App\Controllers\Home->index()
 7 SYSTEMPATH\CodeIgniter.php(502): CodeIgniter\CodeIgniter->runController(Object(App\Controllers\Home))
 8 SYSTEMPATH\CodeIgniter.php(361): CodeIgniter\CodeIgniter->handleRequest(null, Object(Config\Cache), false)
 9 FCPATH\index.php(79): CodeIgniter\CodeIgniter->run()
10 SYSTEMPATH\Commands\Server\rewrite.php(47): require_once('C:\\Users\\Gerardo Mercier\\Desktop\\codeigniter4\\public\\index.php')
CRITICAL - 2023-12-01 19:37:23 --> Attempt to read property "imagen" on null
in APPPATH\Views\index\index.php on line 100.
 1 APPPATH\Views\index\index.php(100): CodeIgniter\Debug\Exceptions->errorHandler(2, 'Attempt to read property "imagen" on null', 'C:\\Users\\Gerardo Mercier\\Desktop\\codeigniter4\\app\\Views\\index\\index.php', 100)
 2 SYSTEMPATH\View\View.php(228): include('C:\\Users\\Gerardo Mercier\\Desktop\\codeigniter4\\app\\Views\\index\\index.php')
 3 SYSTEMPATH\View\View.php(231): CodeIgniter\View\View->CodeIgniter\View\{closure}()
 4 SYSTEMPATH\Common.php(1190): CodeIgniter\View\View->render('index/index', [], true)
 5 APPPATH\Controllers\Home.php(20): view('index/index', [...])
 6 SYSTEMPATH\CodeIgniter.php(942): App\Controllers\Home->index()
 7 SYSTEMPATH\CodeIgniter.php(502): CodeIgniter\CodeIgniter->runController(Object(App\Controllers\Home))
 8 SYSTEMPATH\CodeIgniter.php(361): CodeIgniter\CodeIgniter->handleRequest(null, Object(Config\Cache), false)
 9 FCPATH\index.php(79): CodeIgniter\CodeIgniter->run()
10 SYSTEMPATH\Commands\Server\rewrite.php(47): require_once('C:\\Users\\Gerardo Mercier\\Desktop\\codeigniter4\\public\\index.php')
CRITICAL - 2023-12-01 19:37:31 --> Attempt to read property "imagen" on null
in APPPATH\Views\index\index.php on line 100.
 1 APPPATH\Views\index\index.php(100): CodeIgniter\Debug\Exceptions->errorHandler(2, 'Attempt to read property "imagen" on null', 'C:\\Users\\Gerardo Mercier\\Desktop\\codeigniter4\\app\\Views\\index\\index.php', 100)
 2 SYSTEMPATH\View\View.php(228): include('C:\\Users\\Gerardo Mercier\\Desktop\\codeigniter4\\app\\Views\\index\\index.php')
 3 SYSTEMPATH\View\View.php(231): CodeIgniter\View\View->CodeIgniter\View\{closure}()
 4 SYSTEMPATH\Common.php(1190): CodeIgniter\View\View->render('index/index', [], true)
 5 APPPATH\Controllers\Home.php(20): view('index/index', [...])
 6 SYSTEMPATH\CodeIgniter.php(942): App\Controllers\Home->index()
 7 SYSTEMPATH\CodeIgniter.php(502): CodeIgniter\CodeIgniter->runController(Object(App\Controllers\Home))
 8 SYSTEMPATH\CodeIgniter.php(361): CodeIgniter\CodeIgniter->handleRequest(null, Object(Config\Cache), false)
 9 FCPATH\index.php(79): CodeIgniter\CodeIgniter->run()
10 SYSTEMPATH\Commands\Server\rewrite.php(47): require_once('C:\\Users\\Gerardo Mercier\\Desktop\\codeigniter4\\public\\index.php')
CRITICAL - 2023-12-01 19:38:15 --> Attempt to read property "imagen" on null
in APPPATH\Views\index\index.php on line 100.
 1 APPPATH\Views\index\index.php(100): CodeIgniter\Debug\Exceptions->errorHandler(2, 'Attempt to read property "imagen" on null', 'C:\\Users\\Gerardo Mercier\\Desktop\\codeigniter4\\app\\Views\\index\\index.php', 100)
 2 SYSTEMPATH\View\View.php(228): include('C:\\Users\\Gerardo Mercier\\Desktop\\codeigniter4\\app\\Views\\index\\index.php')
 3 SYSTEMPATH\View\View.php(231): CodeIgniter\View\View->CodeIgniter\View\{closure}()
 4 SYSTEMPATH\Common.php(1190): CodeIgniter\View\View->render('index/index', [], true)
 5 APPPATH\Controllers\Home.php(20): view('index/index', [...])
 6 SYSTEMPATH\CodeIgniter.php(942): App\Controllers\Home->index()
 7 SYSTEMPATH\CodeIgniter.php(502): CodeIgniter\CodeIgniter->runController(Object(App\Controllers\Home))
 8 SYSTEMPATH\CodeIgniter.php(361): CodeIgniter\CodeIgniter->handleRequest(null, Object(Config\Cache), false)
 9 FCPATH\index.php(79): CodeIgniter\CodeIgniter->run()
10 SYSTEMPATH\Commands\Server\rewrite.php(47): require_once('C:\\Users\\Gerardo Mercier\\Desktop\\codeigniter4\\public\\index.php')
CRITICAL - 2023-12-01 19:40:04 --> Attempt to read property "imagen" on null
in APPPATH\Views\index\index.php on line 100.
 1 APPPATH\Views\index\index.php(100): CodeIgniter\Debug\Exceptions->errorHandler(2, 'Attempt to read property "imagen" on null', 'C:\\Users\\Gerardo Mercier\\Desktop\\codeigniter4\\app\\Views\\index\\index.php', 100)
 2 SYSTEMPATH\View\View.php(228): include('C:\\Users\\Gerardo Mercier\\Desktop\\codeigniter4\\app\\Views\\index\\index.php')
 3 SYSTEMPATH\View\View.php(231): CodeIgniter\View\View->CodeIgniter\View\{closure}()
 4 SYSTEMPATH\Common.php(1190): CodeIgniter\View\View->render('index/index', [], true)
 5 APPPATH\Controllers\Home.php(20): view('index/index', [...])
 6 SYSTEMPATH\CodeIgniter.php(942): App\Controllers\Home->index()
 7 SYSTEMPATH\CodeIgniter.php(502): CodeIgniter\CodeIgniter->runController(Object(App\Controllers\Home))
 8 SYSTEMPATH\CodeIgniter.php(361): CodeIgniter\CodeIgniter->handleRequest(null, Object(Config\Cache), false)
 9 FCPATH\index.php(79): CodeIgniter\CodeIgniter->run()
10 SYSTEMPATH\Commands\Server\rewrite.php(47): require_once('C:\\Users\\Gerardo Mercier\\Desktop\\codeigniter4\\public\\index.php')
CRITICAL - 2023-12-01 19:41:45 --> Undefined variable $result
in APPPATH\Controllers\Home.php on line 12.
 1 APPPATH\Controllers\Home.php(12): CodeIgniter\Debug\Exceptions->errorHandler(2, 'Undefined variable $result', 'C:\\Users\\Gerardo Mercier\\Desktop\\codeigniter4\\app\\Controllers\\Home.php', 12)
 2 SYSTEMPATH\CodeIgniter.php(942): App\Controllers\Home->index()
 3 SYSTEMPATH\CodeIgniter.php(502): CodeIgniter\CodeIgniter->runController(Object(App\Controllers\Home))
 4 SYSTEMPATH\CodeIgniter.php(361): CodeIgniter\CodeIgniter->handleRequest(null, Object(Config\Cache), false)
 5 FCPATH\index.php(79): CodeIgniter\CodeIgniter->run()
 6 SYSTEMPATH\Commands\Server\rewrite.php(47): require_once('C:\\Users\\Gerardo Mercier\\Desktop\\codeigniter4\\public\\index.php')
CRITICAL - 2023-12-01 19:42:22 --> Attempt to read property "imagen" on array
in APPPATH\Views\index\index.php on line 100.
 1 APPPATH\Views\index\index.php(100): CodeIgniter\Debug\Exceptions->errorHandler(2, 'Attempt to read property "imagen" on array', 'C:\\Users\\Gerardo Mercier\\Desktop\\codeigniter4\\app\\Views\\index\\index.php', 100)
 2 SYSTEMPATH\View\View.php(228): include('C:\\Users\\Gerardo Mercier\\Desktop\\codeigniter4\\app\\Views\\index\\index.php')
 3 SYSTEMPATH\View\View.php(231): CodeIgniter\View\View->CodeIgniter\View\{closure}()
 4 SYSTEMPATH\Common.php(1190): CodeIgniter\View\View->render('index/index', [], true)
 5 APPPATH\Controllers\Home.php(20): view('index/index', [...])
 6 SYSTEMPATH\CodeIgniter.php(942): App\Controllers\Home->index()
 7 SYSTEMPATH\CodeIgniter.php(502): CodeIgniter\CodeIgniter->runController(Object(App\Controllers\Home))
 8 SYSTEMPATH\CodeIgniter.php(361): CodeIgniter\CodeIgniter->handleRequest(null, Object(Config\Cache), false)
 9 FCPATH\index.php(79): CodeIgniter\CodeIgniter->run()
10 SYSTEMPATH\Commands\Server\rewrite.php(47): require_once('C:\\Users\\Gerardo Mercier\\Desktop\\codeigniter4\\public\\index.php')
CRITICAL - 2023-12-01 19:43:59 --> Attempt to read property "imagen" on array
in APPPATH\Views\index\index.php on line 101.
 1 APPPATH\Views\index\index.php(101): CodeIgniter\Debug\Exceptions->errorHandler(2, 'Attempt to read property "imagen" on array', 'C:\\Users\\Gerardo Mercier\\Desktop\\codeigniter4\\app\\Views\\index\\index.php', 101)
 2 SYSTEMPATH\View\View.php(228): include('C:\\Users\\Gerardo Mercier\\Desktop\\codeigniter4\\app\\Views\\index\\index.php')
 3 SYSTEMPATH\View\View.php(231): CodeIgniter\View\View->CodeIgniter\View\{closure}()
 4 SYSTEMPATH\Common.php(1190): CodeIgniter\View\View->render('index/index', [], true)
 5 APPPATH\Controllers\Home.php(20): view('index/index', [...])
 6 SYSTEMPATH\CodeIgniter.php(942): App\Controllers\Home->index()
 7 SYSTEMPATH\CodeIgniter.php(502): CodeIgniter\CodeIgniter->runController(Object(App\Controllers\Home))
 8 SYSTEMPATH\CodeIgniter.php(361): CodeIgniter\CodeIgniter->handleRequest(null, Object(Config\Cache), false)
 9 FCPATH\index.php(79): CodeIgniter\CodeIgniter->run()
10 SYSTEMPATH\Commands\Server\rewrite.php(47): require_once('C:\\Users\\Gerardo Mercier\\Desktop\\codeigniter4\\public\\index.php')
CRITICAL - 2023-12-01 19:44:55 --> Trying to access array offset on value of type null
in APPPATH\Views\index\index.php on line 100.
 1 APPPATH\Views\index\index.php(100): CodeIgniter\Debug\Exceptions->errorHandler(2, 'Trying to access array offset on value of type null', 'C:\\Users\\Gerardo Mercier\\Desktop\\codeigniter4\\app\\Views\\index\\index.php', 100)
 2 SYSTEMPATH\View\View.php(228): include('C:\\Users\\Gerardo Mercier\\Desktop\\codeigniter4\\app\\Views\\index\\index.php')
 3 SYSTEMPATH\View\View.php(231): CodeIgniter\View\View->CodeIgniter\View\{closure}()
 4 SYSTEMPATH\Common.php(1190): CodeIgniter\View\View->render('index/index', [], true)
 5 APPPATH\Controllers\Home.php(20): view('index/index', [...])
 6 SYSTEMPATH\CodeIgniter.php(942): App\Controllers\Home->index()
 7 SYSTEMPATH\CodeIgniter.php(502): CodeIgniter\CodeIgniter->runController(Object(App\Controllers\Home))
 8 SYSTEMPATH\CodeIgniter.php(361): CodeIgniter\CodeIgniter->handleRequest(null, Object(Config\Cache), false)
 9 FCPATH\index.php(79): CodeIgniter\CodeIgniter->run()
10 SYSTEMPATH\Commands\Server\rewrite.php(47): require_once('C:\\Users\\Gerardo Mercier\\Desktop\\codeigniter4\\public\\index.php')
CRITICAL - 2023-12-01 19:45:13 --> Attempt to read property "imagen" on null
in APPPATH\Views\index\index.php on line 100.
 1 APPPATH\Views\index\index.php(100): CodeIgniter\Debug\Exceptions->errorHandler(2, 'Attempt to read property "imagen" on null', 'C:\\Users\\Gerardo Mercier\\Desktop\\codeigniter4\\app\\Views\\index\\index.php', 100)
 2 SYSTEMPATH\View\View.php(228): include('C:\\Users\\Gerardo Mercier\\Desktop\\codeigniter4\\app\\Views\\index\\index.php')
 3 SYSTEMPATH\View\View.php(231): CodeIgniter\View\View->CodeIgniter\View\{closure}()
 4 SYSTEMPATH\Common.php(1190): CodeIgniter\View\View->render('index/index', [], true)
 5 APPPATH\Controllers\Home.php(20): view('index/index', [...])
 6 SYSTEMPATH\CodeIgniter.php(942): App\Controllers\Home->index()
 7 SYSTEMPATH\CodeIgniter.php(502): CodeIgniter\CodeIgniter->runController(Object(App\Controllers\Home))
 8 SYSTEMPATH\CodeIgniter.php(361): CodeIgniter\CodeIgniter->handleRequest(null, Object(Config\Cache), false)
 9 FCPATH\index.php(79): CodeIgniter\CodeIgniter->run()
10 SYSTEMPATH\Commands\Server\rewrite.php(47): require_once('C:\\Users\\Gerardo Mercier\\Desktop\\codeigniter4\\public\\index.php')
CRITICAL - 2023-12-01 19:45:33 --> Attempt to read property "imagen" on null
in APPPATH\Views\index\index.php on line 100.
 1 APPPATH\Views\index\index.php(100): CodeIgniter\Debug\Exceptions->errorHandler(2, 'Attempt to read property "imagen" on null', 'C:\\Users\\Gerardo Mercier\\Desktop\\codeigniter4\\app\\Views\\index\\index.php', 100)
 2 SYSTEMPATH\View\View.php(228): include('C:\\Users\\Gerardo Mercier\\Desktop\\codeigniter4\\app\\Views\\index\\index.php')
 3 SYSTEMPATH\View\View.php(231): CodeIgniter\View\View->CodeIgniter\View\{closure}()
 4 SYSTEMPATH\Common.php(1190): CodeIgniter\View\View->render('index/index', [], true)
 5 APPPATH\Controllers\Home.php(20): view('index/index', [...])
 6 SYSTEMPATH\CodeIgniter.php(942): App\Controllers\Home->index()
 7 SYSTEMPATH\CodeIgniter.php(502): CodeIgniter\CodeIgniter->runController(Object(App\Controllers\Home))
 8 SYSTEMPATH\CodeIgniter.php(361): CodeIgniter\CodeIgniter->handleRequest(null, Object(Config\Cache), false)
 9 FCPATH\index.php(79): CodeIgniter\CodeIgniter->run()
10 SYSTEMPATH\Commands\Server\rewrite.php(47): require_once('C:\\Users\\Gerardo Mercier\\Desktop\\codeigniter4\\public\\index.php')
CRITICAL - 2023-12-01 19:46:08 --> Attempt to read property "imagen" on array
in APPPATH\Views\index\index.php on line 101.
 1 APPPATH\Views\index\index.php(101): CodeIgniter\Debug\Exceptions->errorHandler(2, 'Attempt to read property "imagen" on array', 'C:\\Users\\Gerardo Mercier\\Desktop\\codeigniter4\\app\\Views\\index\\index.php', 101)
 2 SYSTEMPATH\View\View.php(228): include('C:\\Users\\Gerardo Mercier\\Desktop\\codeigniter4\\app\\Views\\index\\index.php')
 3 SYSTEMPATH\View\View.php(231): CodeIgniter\View\View->CodeIgniter\View\{closure}()
 4 SYSTEMPATH\Common.php(1190): CodeIgniter\View\View->render('index/index', [], true)
 5 APPPATH\Controllers\Home.php(20): view('index/index', [...])
 6 SYSTEMPATH\CodeIgniter.php(942): App\Controllers\Home->index()
 7 SYSTEMPATH\CodeIgniter.php(502): CodeIgniter\CodeIgniter->runController(Object(App\Controllers\Home))
 8 SYSTEMPATH\CodeIgniter.php(361): CodeIgniter\CodeIgniter->handleRequest(null, Object(Config\Cache), false)
 9 FCPATH\index.php(79): CodeIgniter\CodeIgniter->run()
10 SYSTEMPATH\Commands\Server\rewrite.php(47): require_once('C:\\Users\\Gerardo Mercier\\Desktop\\codeigniter4\\public\\index.php')
CRITICAL - 2023-12-01 19:46:55 --> Attempt to read property "id" on array
in APPPATH\Views\index\index.php on line 110.
 1 APPPATH\Views\index\index.php(110): CodeIgniter\Debug\Exceptions->errorHandler(2, 'Attempt to read property "id" on array', 'C:\\Users\\Gerardo Mercier\\Desktop\\codeigniter4\\app\\Views\\index\\index.php', 110)
 2 SYSTEMPATH\View\View.php(228): include('C:\\Users\\Gerardo Mercier\\Desktop\\codeigniter4\\app\\Views\\index\\index.php')
 3 SYSTEMPATH\View\View.php(231): CodeIgniter\View\View->CodeIgniter\View\{closure}()
 4 SYSTEMPATH\Common.php(1190): CodeIgniter\View\View->render('index/index', [], true)
 5 APPPATH\Controllers\Home.php(20): view('index/index', [...])
 6 SYSTEMPATH\CodeIgniter.php(942): App\Controllers\Home->index()
 7 SYSTEMPATH\CodeIgniter.php(502): CodeIgniter\CodeIgniter->runController(Object(App\Controllers\Home))
 8 SYSTEMPATH\CodeIgniter.php(361): CodeIgniter\CodeIgniter->handleRequest(null, Object(Config\Cache), false)
 9 FCPATH\index.php(79): CodeIgniter\CodeIgniter->run()
10 SYSTEMPATH\Commands\Server\rewrite.php(47): require_once('C:\\Users\\Gerardo Mercier\\Desktop\\codeigniter4\\public\\index.php')
ERROR - 2023-12-01 20:08:53 --> mysqli_sql_exception: You have an error in your SQL syntax; check the manual that corresponds to your MySQL server version for the right syntax to use near '.`codigo`)
WHERE `articulos`.`destacado` = '='' at line 3 in C:\Users\Gerardo Mercier\Desktop\codeigniter4\system\Database\MySQLi\Connection.php:306
Stack trace:
#0 C:\Users\Gerardo Mercier\Desktop\codeigniter4\system\Database\MySQLi\Connection.php(306): mysqli->query('SELECT `articul...', 0)
#1 C:\Users\Gerardo Mercier\Desktop\codeigniter4\system\Database\BaseConnection.php(693): CodeIgniter\Database\MySQLi\Connection->execute('SELECT `articul...')
#2 C:\Users\Gerardo Mercier\Desktop\codeigniter4\system\Database\BaseConnection.php(607): CodeIgniter\Database\BaseConnection->simpleQuery('SELECT `articul...')
#3 C:\Users\Gerardo Mercier\Desktop\codeigniter4\system\Database\BaseBuilder.php(1615): CodeIgniter\Database\BaseConnection->query('SELECT `articul...', Array, false)
#4 C:\Users\Gerardo Mercier\Desktop\codeigniter4\system\Model.php(871): CodeIgniter\Database\BaseBuilder->get()
#5 C:\Users\Gerardo Mercier\Desktop\codeigniter4\app\Controllers\Home.php(19): CodeIgniter\Model->__call('get', Array)
#6 C:\Users\Gerardo Mercier\Desktop\codeigniter4\system\CodeIgniter.php(942): App\Controllers\Home->index()
#7 C:\Users\Gerardo Mercier\Desktop\codeigniter4\system\CodeIgniter.php(502): CodeIgniter\CodeIgniter->runController(Object(App\Controllers\Home))
#8 C:\Users\Gerardo Mercier\Desktop\codeigniter4\system\CodeIgniter.php(361): CodeIgniter\CodeIgniter->handleRequest(NULL, Object(Config\Cache), false)
#9 C:\Users\Gerardo Mercier\Desktop\codeigniter4\public\index.php(79): CodeIgniter\CodeIgniter->run()
#10 C:\Users\Gerardo Mercier\Desktop\codeigniter4\system\Commands\Server\rewrite.php(47): require_once('C:\\Users\\Gerard...')
#11 {main}
CRITICAL - 2023-12-01 20:08:53 --> You have an error in your SQL syntax; check the manual that corresponds to your MySQL server version for the right syntax to use near '.`codigo`)
WHERE `articulos`.`destacado` = '='' at line 3
in SYSTEMPATH\Database\BaseConnection.php on line 647.
 1 SYSTEMPATH\Database\BaseBuilder.php(1615): CodeIgniter\Database\BaseConnection->query('SELECT `articulos`.*
FROM `articulos`
JOIN `precios` USING (`precios`.`codigo`)
WHERE `articulos`.`destacado` = :articulos.destacado:', [...], false)
 2 SYSTEMPATH\Model.php(871): CodeIgniter\Database\BaseBuilder->get()
 3 APPPATH\Controllers\Home.php(19): CodeIgniter\Model->__call('get', [])
 4 SYSTEMPATH\CodeIgniter.php(942): App\Controllers\Home->index()
 5 SYSTEMPATH\CodeIgniter.php(502): CodeIgniter\CodeIgniter->runController(Object(App\Controllers\Home))
 6 SYSTEMPATH\CodeIgniter.php(361): CodeIgniter\CodeIgniter->handleRequest(null, Object(Config\Cache), false)
 7 FCPATH\index.php(79): CodeIgniter\CodeIgniter->run()
 8 SYSTEMPATH\Commands\Server\rewrite.php(47): require_once('C:\\Users\\Gerardo Mercier\\Desktop\\codeigniter4\\public\\index.php')
ERROR - 2023-12-01 20:09:20 --> mysqli_sql_exception: You have an error in your SQL syntax; check the manual that corresponds to your MySQL server version for the right syntax to use near '.`codigo`)
WHERE `articulos`.`oferta` = '='' at line 3 in C:\Users\Gerardo Mercier\Desktop\codeigniter4\system\Database\MySQLi\Connection.php:306
Stack trace:
#0 C:\Users\Gerardo Mercier\Desktop\codeigniter4\system\Database\MySQLi\Connection.php(306): mysqli->query('SELECT `articul...', 0)
#1 C:\Users\Gerardo Mercier\Desktop\codeigniter4\system\Database\BaseConnection.php(693): CodeIgniter\Database\MySQLi\Connection->execute('SELECT `articul...')
#2 C:\Users\Gerardo Mercier\Desktop\codeigniter4\system\Database\BaseConnection.php(607): CodeIgniter\Database\BaseConnection->simpleQuery('SELECT `articul...')
#3 C:\Users\Gerardo Mercier\Desktop\codeigniter4\system\Database\BaseBuilder.php(1615): CodeIgniter\Database\BaseConnection->query('SELECT `articul...', Array, false)
#4 C:\Users\Gerardo Mercier\Desktop\codeigniter4\system\Model.php(871): CodeIgniter\Database\BaseBuilder->get()
#5 C:\Users\Gerardo Mercier\Desktop\codeigniter4\app\Controllers\Home.php(19): CodeIgniter\Model->__call('get', Array)
#6 C:\Users\Gerardo Mercier\Desktop\codeigniter4\system\CodeIgniter.php(942): App\Controllers\Home->index()
#7 C:\Users\Gerardo Mercier\Desktop\codeigniter4\system\CodeIgniter.php(502): CodeIgniter\CodeIgniter->runController(Object(App\Controllers\Home))
#8 C:\Users\Gerardo Mercier\Desktop\codeigniter4\system\CodeIgniter.php(361): CodeIgniter\CodeIgniter->handleRequest(NULL, Object(Config\Cache), false)
#9 C:\Users\Gerardo Mercier\Desktop\codeigniter4\public\index.php(79): CodeIgniter\CodeIgniter->run()
#10 C:\Users\Gerardo Mercier\Desktop\codeigniter4\system\Commands\Server\rewrite.php(47): require_once('C:\\Users\\Gerard...')
#11 {main}
CRITICAL - 2023-12-01 20:09:20 --> You have an error in your SQL syntax; check the manual that corresponds to your MySQL server version for the right syntax to use near '.`codigo`)
WHERE `articulos`.`oferta` = '='' at line 3
in SYSTEMPATH\Database\BaseConnection.php on line 647.
 1 SYSTEMPATH\Database\BaseBuilder.php(1615): CodeIgniter\Database\BaseConnection->query('SELECT `articulos`.*
FROM `articulos`
JOIN `precios` USING (`precios`.`codigo`)
WHERE `articulos`.`oferta` = :articulos.oferta:', [...], false)
 2 SYSTEMPATH\Model.php(871): CodeIgniter\Database\BaseBuilder->get()
 3 APPPATH\Controllers\Home.php(19): CodeIgniter\Model->__call('get', [])
 4 SYSTEMPATH\CodeIgniter.php(942): App\Controllers\Home->index()
 5 SYSTEMPATH\CodeIgniter.php(502): CodeIgniter\CodeIgniter->runController(Object(App\Controllers\Home))
 6 SYSTEMPATH\CodeIgniter.php(361): CodeIgniter\CodeIgniter->handleRequest(null, Object(Config\Cache), false)
 7 FCPATH\index.php(79): CodeIgniter\CodeIgniter->run()
 8 SYSTEMPATH\Commands\Server\rewrite.php(47): require_once('C:\\Users\\Gerardo Mercier\\Desktop\\codeigniter4\\public\\index.php')
ERROR - 2023-12-01 20:10:00 --> mysqli_sql_exception: You have an error in your SQL syntax; check the manual that corresponds to your MySQL server version for the right syntax to use near '.`codigo`)
WHERE `articulos`.`oferta` = '1'' at line 3 in C:\Users\Gerardo Mercier\Desktop\codeigniter4\system\Database\MySQLi\Connection.php:306
Stack trace:
#0 C:\Users\Gerardo Mercier\Desktop\codeigniter4\system\Database\MySQLi\Connection.php(306): mysqli->query('SELECT `articul...', 0)
#1 C:\Users\Gerardo Mercier\Desktop\codeigniter4\system\Database\BaseConnection.php(693): CodeIgniter\Database\MySQLi\Connection->execute('SELECT `articul...')
#2 C:\Users\Gerardo Mercier\Desktop\codeigniter4\system\Database\BaseConnection.php(607): CodeIgniter\Database\BaseConnection->simpleQuery('SELECT `articul...')
#3 C:\Users\Gerardo Mercier\Desktop\codeigniter4\system\Database\BaseBuilder.php(1615): CodeIgniter\Database\BaseConnection->query('SELECT `articul...', Array, false)
#4 C:\Users\Gerardo Mercier\Desktop\codeigniter4\system\Model.php(871): CodeIgniter\Database\BaseBuilder->get()
#5 C:\Users\Gerardo Mercier\Desktop\codeigniter4\app\Controllers\Home.php(19): CodeIgniter\Model->__call('get', Array)
#6 C:\Users\Gerardo Mercier\Desktop\codeigniter4\system\CodeIgniter.php(942): App\Controllers\Home->index()
#7 C:\Users\Gerardo Mercier\Desktop\codeigniter4\system\CodeIgniter.php(502): CodeIgniter\CodeIgniter->runController(Object(App\Controllers\Home))
#8 C:\Users\Gerardo Mercier\Desktop\codeigniter4\system\CodeIgniter.php(361): CodeIgniter\CodeIgniter->handleRequest(NULL, Object(Config\Cache), false)
#9 C:\Users\Gerardo Mercier\Desktop\codeigniter4\public\index.php(79): CodeIgniter\CodeIgniter->run()
#10 C:\Users\Gerardo Mercier\Desktop\codeigniter4\system\Commands\Server\rewrite.php(47): require_once('C:\\Users\\Gerard...')
#11 {main}
CRITICAL - 2023-12-01 20:10:00 --> You have an error in your SQL syntax; check the manual that corresponds to your MySQL server version for the right syntax to use near '.`codigo`)
WHERE `articulos`.`oferta` = '1'' at line 3
in SYSTEMPATH\Database\BaseConnection.php on line 647.
 1 SYSTEMPATH\Database\BaseBuilder.php(1615): CodeIgniter\Database\BaseConnection->query('SELECT `articulos`.*
FROM `articulos`
JOIN `precios` USING (`precios`.`codigo`)
WHERE `articulos`.`oferta` = :articulos.oferta:', [...], false)
 2 SYSTEMPATH\Model.php(871): CodeIgniter\Database\BaseBuilder->get()
 3 APPPATH\Controllers\Home.php(19): CodeIgniter\Model->__call('get', [])
 4 SYSTEMPATH\CodeIgniter.php(942): App\Controllers\Home->index()
 5 SYSTEMPATH\CodeIgniter.php(502): CodeIgniter\CodeIgniter->runController(Object(App\Controllers\Home))
 6 SYSTEMPATH\CodeIgniter.php(361): CodeIgniter\CodeIgniter->handleRequest(null, Object(Config\Cache), false)
 7 FCPATH\index.php(79): CodeIgniter\CodeIgniter->run()
 8 SYSTEMPATH\Commands\Server\rewrite.php(47): require_once('C:\\Users\\Gerardo Mercier\\Desktop\\codeigniter4\\public\\index.php')
ERROR - 2023-12-01 20:10:12 --> mysqli_sql_exception: You have an error in your SQL syntax; check the manual that corresponds to your MySQL server version for the right syntax to use near '.`codigo`)
WHERE `articulos`.`oferta` = 1' at line 3 in C:\Users\Gerardo Mercier\Desktop\codeigniter4\system\Database\MySQLi\Connection.php:306
Stack trace:
#0 C:\Users\Gerardo Mercier\Desktop\codeigniter4\system\Database\MySQLi\Connection.php(306): mysqli->query('SELECT `articul...', 0)
#1 C:\Users\Gerardo Mercier\Desktop\codeigniter4\system\Database\BaseConnection.php(693): CodeIgniter\Database\MySQLi\Connection->execute('SELECT `articul...')
#2 C:\Users\Gerardo Mercier\Desktop\codeigniter4\system\Database\BaseConnection.php(607): CodeIgniter\Database\BaseConnection->simpleQuery('SELECT `articul...')
#3 C:\Users\Gerardo Mercier\Desktop\codeigniter4\system\Database\BaseBuilder.php(1615): CodeIgniter\Database\BaseConnection->query('SELECT `articul...', Array, false)
#4 C:\Users\Gerardo Mercier\Desktop\codeigniter4\system\Model.php(871): CodeIgniter\Database\BaseBuilder->get()
#5 C:\Users\Gerardo Mercier\Desktop\codeigniter4\app\Controllers\Home.php(19): CodeIgniter\Model->__call('get', Array)
#6 C:\Users\Gerardo Mercier\Desktop\codeigniter4\system\CodeIgniter.php(942): App\Controllers\Home->index()
#7 C:\Users\Gerardo Mercier\Desktop\codeigniter4\system\CodeIgniter.php(502): CodeIgniter\CodeIgniter->runController(Object(App\Controllers\Home))
#8 C:\Users\Gerardo Mercier\Desktop\codeigniter4\system\CodeIgniter.php(361): CodeIgniter\CodeIgniter->handleRequest(NULL, Object(Config\Cache), false)
#9 C:\Users\Gerardo Mercier\Desktop\codeigniter4\public\index.php(79): CodeIgniter\CodeIgniter->run()
#10 C:\Users\Gerardo Mercier\Desktop\codeigniter4\system\Commands\Server\rewrite.php(47): require_once('C:\\Users\\Gerard...')
#11 {main}
CRITICAL - 2023-12-01 20:10:12 --> You have an error in your SQL syntax; check the manual that corresponds to your MySQL server version for the right syntax to use near '.`codigo`)
WHERE `articulos`.`oferta` = 1' at line 3
in SYSTEMPATH\Database\BaseConnection.php on line 647.
 1 SYSTEMPATH\Database\BaseBuilder.php(1615): CodeIgniter\Database\BaseConnection->query('SELECT `articulos`.*
FROM `articulos`
JOIN `precios` USING (`precios`.`codigo`)
WHERE `articulos`.`oferta` = :articulos.oferta:', [...], false)
 2 SYSTEMPATH\Model.php(871): CodeIgniter\Database\BaseBuilder->get()
 3 APPPATH\Controllers\Home.php(19): CodeIgniter\Model->__call('get', [])
 4 SYSTEMPATH\CodeIgniter.php(942): App\Controllers\Home->index()
 5 SYSTEMPATH\CodeIgniter.php(502): CodeIgniter\CodeIgniter->runController(Object(App\Controllers\Home))
 6 SYSTEMPATH\CodeIgniter.php(361): CodeIgniter\CodeIgniter->handleRequest(null, Object(Config\Cache), false)
 7 FCPATH\index.php(79): CodeIgniter\CodeIgniter->run()
 8 SYSTEMPATH\Commands\Server\rewrite.php(47): require_once('C:\\Users\\Gerardo Mercier\\Desktop\\codeigniter4\\public\\index.php')
ERROR - 2023-12-01 20:10:52 --> mysqli_sql_exception: You have an error in your SQL syntax; check the manual that corresponds to your MySQL server version for the right syntax to use near '.`codart`)
WHERE `articulos`.`oferta` = 1' at line 3 in C:\Users\Gerardo Mercier\Desktop\codeigniter4\system\Database\MySQLi\Connection.php:306
Stack trace:
#0 C:\Users\Gerardo Mercier\Desktop\codeigniter4\system\Database\MySQLi\Connection.php(306): mysqli->query('SELECT `articul...', 0)
#1 C:\Users\Gerardo Mercier\Desktop\codeigniter4\system\Database\BaseConnection.php(693): CodeIgniter\Database\MySQLi\Connection->execute('SELECT `articul...')
#2 C:\Users\Gerardo Mercier\Desktop\codeigniter4\system\Database\BaseConnection.php(607): CodeIgniter\Database\BaseConnection->simpleQuery('SELECT `articul...')
#3 C:\Users\Gerardo Mercier\Desktop\codeigniter4\system\Database\BaseBuilder.php(1615): CodeIgniter\Database\BaseConnection->query('SELECT `articul...', Array, false)
#4 C:\Users\Gerardo Mercier\Desktop\codeigniter4\system\Model.php(871): CodeIgniter\Database\BaseBuilder->get()
#5 C:\Users\Gerardo Mercier\Desktop\codeigniter4\app\Controllers\Home.php(19): CodeIgniter\Model->__call('get', Array)
#6 C:\Users\Gerardo Mercier\Desktop\codeigniter4\system\CodeIgniter.php(942): App\Controllers\Home->index()
#7 C:\Users\Gerardo Mercier\Desktop\codeigniter4\system\CodeIgniter.php(502): CodeIgniter\CodeIgniter->runController(Object(App\Controllers\Home))
#8 C:\Users\Gerardo Mercier\Desktop\codeigniter4\system\CodeIgniter.php(361): CodeIgniter\CodeIgniter->handleRequest(NULL, Object(Config\Cache), false)
#9 C:\Users\Gerardo Mercier\Desktop\codeigniter4\public\index.php(79): CodeIgniter\CodeIgniter->run()
#10 C:\Users\Gerardo Mercier\Desktop\codeigniter4\system\Commands\Server\rewrite.php(47): require_once('C:\\Users\\Gerard...')
#11 {main}
CRITICAL - 2023-12-01 20:10:52 --> You have an error in your SQL syntax; check the manual that corresponds to your MySQL server version for the right syntax to use near '.`codart`)
WHERE `articulos`.`oferta` = 1' at line 3
in SYSTEMPATH\Database\BaseConnection.php on line 647.
 1 SYSTEMPATH\Database\BaseBuilder.php(1615): CodeIgniter\Database\BaseConnection->query('SELECT `articulos`.*
FROM `articulos`
JOIN `precios` USING (`precios`.`codart`)
WHERE `articulos`.`oferta` = :articulos.oferta:', [...], false)
 2 SYSTEMPATH\Model.php(871): CodeIgniter\Database\BaseBuilder->get()
 3 APPPATH\Controllers\Home.php(19): CodeIgniter\Model->__call('get', [])
 4 SYSTEMPATH\CodeIgniter.php(942): App\Controllers\Home->index()
 5 SYSTEMPATH\CodeIgniter.php(502): CodeIgniter\CodeIgniter->runController(Object(App\Controllers\Home))
 6 SYSTEMPATH\CodeIgniter.php(361): CodeIgniter\CodeIgniter->handleRequest(null, Object(Config\Cache), false)
 7 FCPATH\index.php(79): CodeIgniter\CodeIgniter->run()
 8 SYSTEMPATH\Commands\Server\rewrite.php(47): require_once('C:\\Users\\Gerardo Mercier\\Desktop\\codeigniter4\\public\\index.php')
CRITICAL - 2023-12-01 20:12:41 --> Cannot use object of type mysqli as array
in APPPATH\Views\index\index.php on line 99.
 1 SYSTEMPATH\View\View.php(228): include()
 2 SYSTEMPATH\View\View.php(231): CodeIgniter\View\View->CodeIgniter\View\{closure}()
 3 SYSTEMPATH\Common.php(1190): CodeIgniter\View\View->render('index/index', [], true)
 4 APPPATH\Controllers\Home.php(22): view('index/index', [...])
 5 SYSTEMPATH\CodeIgniter.php(942): App\Controllers\Home->index()
 6 SYSTEMPATH\CodeIgniter.php(502): CodeIgniter\CodeIgniter->runController(Object(App\Controllers\Home))
 7 SYSTEMPATH\CodeIgniter.php(361): CodeIgniter\CodeIgniter->handleRequest(null, Object(Config\Cache), false)
 8 FCPATH\index.php(79): CodeIgniter\CodeIgniter->run()
 9 SYSTEMPATH\Commands\Server\rewrite.php(47): require_once('C:\\Users\\Gerardo Mercier\\Desktop\\codeigniter4\\public\\index.php')
CRITICAL - 2023-12-01 20:13:48 --> Cannot use object of type mysqli as array
in APPPATH\Views\index\index.php on line 99.
 1 SYSTEMPATH\View\View.php(228): include()
 2 SYSTEMPATH\View\View.php(231): CodeIgniter\View\View->CodeIgniter\View\{closure}()
 3 SYSTEMPATH\Common.php(1190): CodeIgniter\View\View->render('index/index', [], true)
 4 APPPATH\Controllers\Home.php(22): view('index/index', [...])
 5 SYSTEMPATH\CodeIgniter.php(942): App\Controllers\Home->index()
 6 SYSTEMPATH\CodeIgniter.php(502): CodeIgniter\CodeIgniter->runController(Object(App\Controllers\Home))
 7 SYSTEMPATH\CodeIgniter.php(361): CodeIgniter\CodeIgniter->handleRequest(null, Object(Config\Cache), false)
 8 FCPATH\index.php(79): CodeIgniter\CodeIgniter->run()
 9 SYSTEMPATH\Commands\Server\rewrite.php(47): require_once('C:\\Users\\Gerardo Mercier\\Desktop\\codeigniter4\\public\\index.php')
CRITICAL - 2023-12-01 20:14:13 --> Undefined property: mysqli::$id
in APPPATH\Views\index\index.php on line 99.
 1 APPPATH\Views\index\index.php(99): CodeIgniter\Debug\Exceptions->errorHandler(2, 'Undefined property: mysqli::$id', 'C:\\Users\\Gerardo Mercier\\Desktop\\codeigniter4\\app\\Views\\index\\index.php', 99)
 2 SYSTEMPATH\View\View.php(228): include('C:\\Users\\Gerardo Mercier\\Desktop\\codeigniter4\\app\\Views\\index\\index.php')
 3 SYSTEMPATH\View\View.php(231): CodeIgniter\View\View->CodeIgniter\View\{closure}()
 4 SYSTEMPATH\Common.php(1190): CodeIgniter\View\View->render('index/index', [], true)
 5 APPPATH\Controllers\Home.php(22): view('index/index', [...])
 6 SYSTEMPATH\CodeIgniter.php(942): App\Controllers\Home->index()
 7 SYSTEMPATH\CodeIgniter.php(502): CodeIgniter\CodeIgniter->runController(Object(App\Controllers\Home))
 8 SYSTEMPATH\CodeIgniter.php(361): CodeIgniter\CodeIgniter->handleRequest(null, Object(Config\Cache), false)
 9 FCPATH\index.php(79): CodeIgniter\CodeIgniter->run()
10 SYSTEMPATH\Commands\Server\rewrite.php(47): require_once('C:\\Users\\Gerardo Mercier\\Desktop\\codeigniter4\\public\\index.php')
CRITICAL - 2023-12-01 20:15:54 --> App\Controllers\Home::index(): Return value must be of type string, CodeIgniter\Database\MySQLi\Result returned
in APPPATH\Controllers\Home.php on line 20.
 1 SYSTEMPATH\CodeIgniter.php(942): App\Controllers\Home->index()
 2 SYSTEMPATH\CodeIgniter.php(502): CodeIgniter\CodeIgniter->runController(Object(App\Controllers\Home))
 3 SYSTEMPATH\CodeIgniter.php(361): CodeIgniter\CodeIgniter->handleRequest(null, Object(Config\Cache), false)
 4 FCPATH\index.php(79): CodeIgniter\CodeIgniter->run()
 5 SYSTEMPATH\Commands\Server\rewrite.php(47): require_once('C:\\Users\\Gerardo Mercier\\Desktop\\codeigniter4\\public\\index.php')
CRITICAL - 2023-12-01 20:16:05 --> Object of type CodeIgniter\Database\MySQLi\Result is not callable
in APPPATH\Controllers\Home.php on line 20.
 1 SYSTEMPATH\CodeIgniter.php(942): App\Controllers\Home->index()
 2 SYSTEMPATH\CodeIgniter.php(502): CodeIgniter\CodeIgniter->runController(Object(App\Controllers\Home))
 3 SYSTEMPATH\CodeIgniter.php(361): CodeIgniter\CodeIgniter->handleRequest(null, Object(Config\Cache), false)
 4 FCPATH\index.php(79): CodeIgniter\CodeIgniter->run()
 5 SYSTEMPATH\Commands\Server\rewrite.php(47): require_once('C:\\Users\\Gerardo Mercier\\Desktop\\codeigniter4\\public\\index.php')
CRITICAL - 2023-12-01 20:17:13 --> Cannot use object of type stdClass as array
in APPPATH\Views\index\index.php on line 100.
 1 SYSTEMPATH\View\View.php(228): include()
 2 SYSTEMPATH\View\View.php(231): CodeIgniter\View\View->CodeIgniter\View\{closure}()
 3 SYSTEMPATH\Common.php(1190): CodeIgniter\View\View->render('index/index', [], true)
 4 APPPATH\Controllers\Home.php(22): view('index/index', [...])
 5 SYSTEMPATH\CodeIgniter.php(942): App\Controllers\Home->index()
 6 SYSTEMPATH\CodeIgniter.php(502): CodeIgniter\CodeIgniter->runController(Object(App\Controllers\Home))
 7 SYSTEMPATH\CodeIgniter.php(361): CodeIgniter\CodeIgniter->handleRequest(null, Object(Config\Cache), false)
 8 FCPATH\index.php(79): CodeIgniter\CodeIgniter->run()
 9 SYSTEMPATH\Commands\Server\rewrite.php(47): require_once('C:\\Users\\Gerardo Mercier\\Desktop\\codeigniter4\\public\\index.php')
CRITICAL - 2023-12-01 20:23:22 --> Attempt to read property "id" on null
in APPPATH\Views\index\index.php on line 99.
 1 APPPATH\Views\index\index.php(99): CodeIgniter\Debug\Exceptions->errorHandler(2, 'Attempt to read property "id" on null', 'C:\\Users\\Gerardo Mercier\\Desktop\\codeigniter4\\app\\Views\\index\\index.php', 99)
 2 SYSTEMPATH\View\View.php(228): include('C:\\Users\\Gerardo Mercier\\Desktop\\codeigniter4\\app\\Views\\index\\index.php')
 3 SYSTEMPATH\View\View.php(231): CodeIgniter\View\View->CodeIgniter\View\{closure}()
 4 SYSTEMPATH\Common.php(1190): CodeIgniter\View\View->render('index/index', [], true)
 5 APPPATH\Controllers\Home.php(20): view('index/index', [...])
 6 SYSTEMPATH\CodeIgniter.php(942): App\Controllers\Home->index()
 7 SYSTEMPATH\CodeIgniter.php(502): CodeIgniter\CodeIgniter->runController(Object(App\Controllers\Home))
 8 SYSTEMPATH\CodeIgniter.php(361): CodeIgniter\CodeIgniter->handleRequest(null, Object(Config\Cache), false)
 9 FCPATH\index.php(79): CodeIgniter\CodeIgniter->run()
10 SYSTEMPATH\Commands\Server\rewrite.php(47): require_once('C:\\Users\\Gerardo Mercier\\Desktop\\codeigniter4\\public\\index.php')
CRITICAL - 2023-12-01 20:23:52 --> Trying to access array offset on value of type null
in APPPATH\Views\index\index.php on line 99.
 1 APPPATH\Views\index\index.php(99): CodeIgniter\Debug\Exceptions->errorHandler(2, 'Trying to access array offset on value of type null', 'C:\\Users\\Gerardo Mercier\\Desktop\\codeigniter4\\app\\Views\\index\\index.php', 99)
 2 SYSTEMPATH\View\View.php(228): include('C:\\Users\\Gerardo Mercier\\Desktop\\codeigniter4\\app\\Views\\index\\index.php')
 3 SYSTEMPATH\View\View.php(231): CodeIgniter\View\View->CodeIgniter\View\{closure}()
 4 SYSTEMPATH\Common.php(1190): CodeIgniter\View\View->render('index/index', [], true)
 5 APPPATH\Controllers\Home.php(20): view('index/index', [...])
 6 SYSTEMPATH\CodeIgniter.php(942): App\Controllers\Home->index()
 7 SYSTEMPATH\CodeIgniter.php(502): CodeIgniter\CodeIgniter->runController(Object(App\Controllers\Home))
 8 SYSTEMPATH\CodeIgniter.php(361): CodeIgniter\CodeIgniter->handleRequest(null, Object(Config\Cache), false)
 9 FCPATH\index.php(79): CodeIgniter\CodeIgniter->run()
10 SYSTEMPATH\Commands\Server\rewrite.php(47): require_once('C:\\Users\\Gerardo Mercier\\Desktop\\codeigniter4\\public\\index.php')
CRITICAL - 2023-12-01 20:24:39 --> Cannot use object of type stdClass as array
in APPPATH\Views\index\index.php on line 99.
 1 SYSTEMPATH\View\View.php(228): include()
 2 SYSTEMPATH\View\View.php(231): CodeIgniter\View\View->CodeIgniter\View\{closure}()
 3 SYSTEMPATH\Common.php(1190): CodeIgniter\View\View->render('index/index', [], true)
 4 APPPATH\Controllers\Home.php(21): view('index/index', [...])
 5 SYSTEMPATH\CodeIgniter.php(942): App\Controllers\Home->index()
 6 SYSTEMPATH\CodeIgniter.php(502): CodeIgniter\CodeIgniter->runController(Object(App\Controllers\Home))
 7 SYSTEMPATH\CodeIgniter.php(361): CodeIgniter\CodeIgniter->handleRequest(null, Object(Config\Cache), false)
 8 FCPATH\index.php(79): CodeIgniter\CodeIgniter->run()
 9 SYSTEMPATH\Commands\Server\rewrite.php(47): require_once('C:\\Users\\Gerardo Mercier\\Desktop\\codeigniter4\\public\\index.php')
CRITICAL - 2023-12-01 20:25:31 --> Cannot use object of type stdClass as array
in APPPATH\Views\index\index.php on line 99.
 1 SYSTEMPATH\View\View.php(228): include()
 2 SYSTEMPATH\View\View.php(231): CodeIgniter\View\View->CodeIgniter\View\{closure}()
 3 SYSTEMPATH\Common.php(1190): CodeIgniter\View\View->render('index/index', [], true)
 4 APPPATH\Controllers\Home.php(21): view('index/index', [...])
 5 SYSTEMPATH\CodeIgniter.php(942): App\Controllers\Home->index()
 6 SYSTEMPATH\CodeIgniter.php(502): CodeIgniter\CodeIgniter->runController(Object(App\Controllers\Home))
 7 SYSTEMPATH\CodeIgniter.php(361): CodeIgniter\CodeIgniter->handleRequest(null, Object(Config\Cache), false)
 8 FCPATH\index.php(79): CodeIgniter\CodeIgniter->run()
 9 SYSTEMPATH\Commands\Server\rewrite.php(47): require_once('C:\\Users\\Gerardo Mercier\\Desktop\\codeigniter4\\public\\index.php')
CRITICAL - 2023-12-01 20:25:50 --> Cannot use object of type stdClass as array
in APPPATH\Views\index\index.php on line 99.
 1 SYSTEMPATH\View\View.php(228): include()
 2 SYSTEMPATH\View\View.php(231): CodeIgniter\View\View->CodeIgniter\View\{closure}()
 3 SYSTEMPATH\Common.php(1190): CodeIgniter\View\View->render('index/index', [], true)
 4 APPPATH\Controllers\Home.php(21): view('index/index', [...])
 5 SYSTEMPATH\CodeIgniter.php(942): App\Controllers\Home->index()
 6 SYSTEMPATH\CodeIgniter.php(502): CodeIgniter\CodeIgniter->runController(Object(App\Controllers\Home))
 7 SYSTEMPATH\CodeIgniter.php(361): CodeIgniter\CodeIgniter->handleRequest(null, Object(Config\Cache), false)
 8 FCPATH\index.php(79): CodeIgniter\CodeIgniter->run()
 9 SYSTEMPATH\Commands\Server\rewrite.php(47): require_once('C:\\Users\\Gerardo Mercier\\Desktop\\codeigniter4\\public\\index.php')
CRITICAL - 2023-12-01 20:26:19 --> Cannot use object of type stdClass as array
in APPPATH\Views\index\index.php on line 100.
 1 SYSTEMPATH\View\View.php(228): include()
 2 SYSTEMPATH\View\View.php(231): CodeIgniter\View\View->CodeIgniter\View\{closure}()
 3 SYSTEMPATH\Common.php(1190): CodeIgniter\View\View->render('index/index', [], true)
 4 APPPATH\Controllers\Home.php(21): view('index/index', [...])
 5 SYSTEMPATH\CodeIgniter.php(942): App\Controllers\Home->index()
 6 SYSTEMPATH\CodeIgniter.php(502): CodeIgniter\CodeIgniter->runController(Object(App\Controllers\Home))
 7 SYSTEMPATH\CodeIgniter.php(361): CodeIgniter\CodeIgniter->handleRequest(null, Object(Config\Cache), false)
 8 FCPATH\index.php(79): CodeIgniter\CodeIgniter->run()
 9 SYSTEMPATH\Commands\Server\rewrite.php(47): require_once('C:\\Users\\Gerardo Mercier\\Desktop\\codeigniter4\\public\\index.php')
CRITICAL - 2023-12-01 20:26:45 --> Cannot use object of type stdClass as array
in APPPATH\Views\index\index.php on line 100.
 1 SYSTEMPATH\View\View.php(228): include()
 2 SYSTEMPATH\View\View.php(231): CodeIgniter\View\View->CodeIgniter\View\{closure}()
 3 SYSTEMPATH\Common.php(1190): CodeIgniter\View\View->render('index/index', [], true)
 4 APPPATH\Controllers\Home.php(21): view('index/index', [...])
 5 SYSTEMPATH\CodeIgniter.php(942): App\Controllers\Home->index()
 6 SYSTEMPATH\CodeIgniter.php(502): CodeIgniter\CodeIgniter->runController(Object(App\Controllers\Home))
 7 SYSTEMPATH\CodeIgniter.php(361): CodeIgniter\CodeIgniter->handleRequest(null, Object(Config\Cache), false)
 8 FCPATH\index.php(79): CodeIgniter\CodeIgniter->run()
 9 SYSTEMPATH\Commands\Server\rewrite.php(47): require_once('C:\\Users\\Gerardo Mercier\\Desktop\\codeigniter4\\public\\index.php')
CRITICAL - 2023-12-01 20:26:54 --> Cannot use object of type stdClass as array
in APPPATH\Views\index\index.php on line 110.
 1 SYSTEMPATH\View\View.php(228): include()
 2 SYSTEMPATH\View\View.php(231): CodeIgniter\View\View->CodeIgniter\View\{closure}()
 3 SYSTEMPATH\Common.php(1190): CodeIgniter\View\View->render('index/index', [], true)
 4 APPPATH\Controllers\Home.php(21): view('index/index', [...])
 5 SYSTEMPATH\CodeIgniter.php(942): App\Controllers\Home->index()
 6 SYSTEMPATH\CodeIgniter.php(502): CodeIgniter\CodeIgniter->runController(Object(App\Controllers\Home))
 7 SYSTEMPATH\CodeIgniter.php(361): CodeIgniter\CodeIgniter->handleRequest(null, Object(Config\Cache), false)
 8 FCPATH\index.php(79): CodeIgniter\CodeIgniter->run()
 9 SYSTEMPATH\Commands\Server\rewrite.php(47): require_once('C:\\Users\\Gerardo Mercier\\Desktop\\codeigniter4\\public\\index.php')
CRITICAL - 2023-12-01 20:28:13 --> Undefined property: stdClass::$precio
in APPPATH\Views\index\index.php on line 111.
 1 APPPATH\Views\index\index.php(111): CodeIgniter\Debug\Exceptions->errorHandler(2, 'Undefined property: stdClass::$precio', 'C:\\Users\\Gerardo Mercier\\Desktop\\codeigniter4\\app\\Views\\index\\index.php', 111)
 2 SYSTEMPATH\View\View.php(228): include('C:\\Users\\Gerardo Mercier\\Desktop\\codeigniter4\\app\\Views\\index\\index.php')
 3 SYSTEMPATH\View\View.php(231): CodeIgniter\View\View->CodeIgniter\View\{closure}()
 4 SYSTEMPATH\Common.php(1190): CodeIgniter\View\View->render('index/index', [], true)
 5 APPPATH\Controllers\Home.php(21): view('index/index', [...])
 6 SYSTEMPATH\CodeIgniter.php(942): App\Controllers\Home->index()
 7 SYSTEMPATH\CodeIgniter.php(502): CodeIgniter\CodeIgniter->runController(Object(App\Controllers\Home))
 8 SYSTEMPATH\CodeIgniter.php(361): CodeIgniter\CodeIgniter->handleRequest(null, Object(Config\Cache), false)
 9 FCPATH\index.php(79): CodeIgniter\CodeIgniter->run()
10 SYSTEMPATH\Commands\Server\rewrite.php(47): require_once('C:\\Users\\Gerardo Mercier\\Desktop\\codeigniter4\\public\\index.php')
CRITICAL - 2023-12-01 20:28:54 --> Undefined property: stdClass::$precio
in APPPATH\Views\index\index.php on line 119.
 1 APPPATH\Views\index\index.php(119): CodeIgniter\Debug\Exceptions->errorHandler(2, 'Undefined property: stdClass::$precio', 'C:\\Users\\Gerardo Mercier\\Desktop\\codeigniter4\\app\\Views\\index\\index.php', 119)
 2 SYSTEMPATH\View\View.php(228): include('C:\\Users\\Gerardo Mercier\\Desktop\\codeigniter4\\app\\Views\\index\\index.php')
 3 SYSTEMPATH\View\View.php(231): CodeIgniter\View\View->CodeIgniter\View\{closure}()
 4 SYSTEMPATH\Common.php(1190): CodeIgniter\View\View->render('index/index', [], true)
 5 APPPATH\Controllers\Home.php(21): view('index/index', [...])
 6 SYSTEMPATH\CodeIgniter.php(942): App\Controllers\Home->index()
 7 SYSTEMPATH\CodeIgniter.php(502): CodeIgniter\CodeIgniter->runController(Object(App\Controllers\Home))
 8 SYSTEMPATH\CodeIgniter.php(361): CodeIgniter\CodeIgniter->handleRequest(null, Object(Config\Cache), false)
 9 FCPATH\index.php(79): CodeIgniter\CodeIgniter->run()
10 SYSTEMPATH\Commands\Server\rewrite.php(47): require_once('C:\\Users\\Gerardo Mercier\\Desktop\\codeigniter4\\public\\index.php')
CRITICAL - 2023-12-01 20:29:48 --> Undefined property: stdClass::$precio
in APPPATH\Views\index\index.php on line 111.
 1 APPPATH\Views\index\index.php(111): CodeIgniter\Debug\Exceptions->errorHandler(2, 'Undefined property: stdClass::$precio', 'C:\\Users\\Gerardo Mercier\\Desktop\\codeigniter4\\app\\Views\\index\\index.php', 111)
 2 SYSTEMPATH\View\View.php(228): include('C:\\Users\\Gerardo Mercier\\Desktop\\codeigniter4\\app\\Views\\index\\index.php')
 3 SYSTEMPATH\View\View.php(231): CodeIgniter\View\View->CodeIgniter\View\{closure}()
 4 SYSTEMPATH\Common.php(1190): CodeIgniter\View\View->render('index/index', [], true)
 5 APPPATH\Controllers\Home.php(21): view('index/index', [...])
 6 SYSTEMPATH\CodeIgniter.php(942): App\Controllers\Home->index()
 7 SYSTEMPATH\CodeIgniter.php(502): CodeIgniter\CodeIgniter->runController(Object(App\Controllers\Home))
 8 SYSTEMPATH\CodeIgniter.php(361): CodeIgniter\CodeIgniter->handleRequest(null, Object(Config\Cache), false)
 9 FCPATH\index.php(79): CodeIgniter\CodeIgniter->run()
10 SYSTEMPATH\Commands\Server\rewrite.php(47): require_once('C:\\Users\\Gerardo Mercier\\Desktop\\codeigniter4\\public\\index.php')
CRITICAL - 2023-12-01 20:30:39 --> Undefined property: stdClass::$precio
in APPPATH\Views\index\index.php on line 111.
 1 APPPATH\Views\index\index.php(111): CodeIgniter\Debug\Exceptions->errorHandler(2, 'Undefined property: stdClass::$precio', 'C:\\Users\\Gerardo Mercier\\Desktop\\codeigniter4\\app\\Views\\index\\index.php', 111)
 2 SYSTEMPATH\View\View.php(228): include('C:\\Users\\Gerardo Mercier\\Desktop\\codeigniter4\\app\\Views\\index\\index.php')
 3 SYSTEMPATH\View\View.php(231): CodeIgniter\View\View->CodeIgniter\View\{closure}()
 4 SYSTEMPATH\Common.php(1190): CodeIgniter\View\View->render('index/index', [], true)
 5 APPPATH\Controllers\Home.php(21): view('index/index', [...])
 6 SYSTEMPATH\CodeIgniter.php(942): App\Controllers\Home->index()
 7 SYSTEMPATH\CodeIgniter.php(502): CodeIgniter\CodeIgniter->runController(Object(App\Controllers\Home))
 8 SYSTEMPATH\CodeIgniter.php(361): CodeIgniter\CodeIgniter->handleRequest(null, Object(Config\Cache), false)
 9 FCPATH\index.php(79): CodeIgniter\CodeIgniter->run()
10 SYSTEMPATH\Commands\Server\rewrite.php(47): require_once('C:\\Users\\Gerardo Mercier\\Desktop\\codeigniter4\\public\\index.php')
CRITICAL - 2023-12-01 22:34:35 --> Undefined property: stdClass::$precio
in APPPATH\Views\index\index.php on line 111.
 1 APPPATH\Views\index\index.php(111): CodeIgniter\Debug\Exceptions->errorHandler(2, 'Undefined property: stdClass::$precio', 'C:\\Users\\Gerardo Mercier\\Desktop\\codeigniter4\\app\\Views\\index\\index.php', 111)
 2 SYSTEMPATH\View\View.php(228): include('C:\\Users\\Gerardo Mercier\\Desktop\\codeigniter4\\app\\Views\\index\\index.php')
 3 SYSTEMPATH\View\View.php(231): CodeIgniter\View\View->CodeIgniter\View\{closure}()
 4 SYSTEMPATH\Common.php(1190): CodeIgniter\View\View->render('index/index', [], true)
 5 APPPATH\Controllers\Home.php(21): view('index/index', [...])
 6 SYSTEMPATH\CodeIgniter.php(942): App\Controllers\Home->index()
 7 SYSTEMPATH\CodeIgniter.php(502): CodeIgniter\CodeIgniter->runController(Object(App\Controllers\Home))
 8 SYSTEMPATH\CodeIgniter.php(361): CodeIgniter\CodeIgniter->handleRequest(null, Object(Config\Cache), false)
 9 FCPATH\index.php(79): CodeIgniter\CodeIgniter->run()
10 SYSTEMPATH\Commands\Server\rewrite.php(47): require_once('C:\\Users\\Gerardo Mercier\\Desktop\\codeigniter4\\public\\index.php')
CRITICAL - 2023-12-01 22:34:39 --> Undefined property: stdClass::$precio
in APPPATH\Views\index\index.php on line 111.
 1 APPPATH\Views\index\index.php(111): CodeIgniter\Debug\Exceptions->errorHandler(2, 'Undefined property: stdClass::$precio', 'C:\\Users\\Gerardo Mercier\\Desktop\\codeigniter4\\app\\Views\\index\\index.php', 111)
 2 SYSTEMPATH\View\View.php(228): include('C:\\Users\\Gerardo Mercier\\Desktop\\codeigniter4\\app\\Views\\index\\index.php')
 3 SYSTEMPATH\View\View.php(231): CodeIgniter\View\View->CodeIgniter\View\{closure}()
 4 SYSTEMPATH\Common.php(1190): CodeIgniter\View\View->render('index/index', [], true)
 5 APPPATH\Controllers\Home.php(21): view('index/index', [...])
 6 SYSTEMPATH\CodeIgniter.php(942): App\Controllers\Home->index()
 7 SYSTEMPATH\CodeIgniter.php(502): CodeIgniter\CodeIgniter->runController(Object(App\Controllers\Home))
 8 SYSTEMPATH\CodeIgniter.php(361): CodeIgniter\CodeIgniter->handleRequest(null, Object(Config\Cache), false)
 9 FCPATH\index.php(79): CodeIgniter\CodeIgniter->run()
10 SYSTEMPATH\Commands\Server\rewrite.php(47): require_once('C:\\Users\\Gerardo Mercier\\Desktop\\codeigniter4\\public\\index.php')
