CRITICAL - 2023-12-08 15:20:50 --> Undefined variable $titulo
in APPPATH\Views\index\envia.php on line 20.
 1 APPPATH\Views\index\envia.php(20): CodeIgniter\Debug\Exceptions->errorHandler(2, 'Undefined variable $titulo', 'C:\\wamp64\\www\\codeigniter4\\app\\Views\\index\\envia.php', 20)
 2 SYSTEMPATH\View\View.php(228): include('C:\\wamp64\\www\\codeigniter4\\app\\Views\\index\\envia.php')
 3 SYSTEMPATH\View\View.php(231): CodeIgniter\View\View->CodeIgniter\View\{closure}()
 4 SYSTEMPATH\Common.php(1190): CodeIgniter\View\View->render('index/envia', [], true)
 5 APPPATH\Controllers\Home.php(51): view('index/envia', [...])
 6 SYSTEMPATH\CodeIgniter.php(942): App\Controllers\Home->email()
 7 SYSTEMPATH\CodeIgniter.php(502): CodeIgniter\CodeIgniter->runController(Object(App\Controllers\Home))
 8 SYSTEMPATH\CodeIgniter.php(361): CodeIgniter\CodeIgniter->handleRequest(null, Object(Config\Cache), false)
 9 FCPATH\index.php(79): CodeIgniter\CodeIgniter->run()
CRITICAL - 2023-12-08 15:22:26 --> Undefined variable $titulo
in APPPATH\Views\index\envia.php on line 20.
 1 APPPATH\Views\index\envia.php(20): CodeIgniter\Debug\Exceptions->errorHandler(2, 'Undefined variable $titulo', 'C:\\wamp64\\www\\codeigniter4\\app\\Views\\index\\envia.php', 20)
 2 SYSTEMPATH\View\View.php(228): include('C:\\wamp64\\www\\codeigniter4\\app\\Views\\index\\envia.php')
 3 SYSTEMPATH\View\View.php(231): CodeIgniter\View\View->CodeIgniter\View\{closure}()
 4 SYSTEMPATH\Common.php(1190): CodeIgniter\View\View->render('index/envia', [], true)
 5 APPPATH\Controllers\Home.php(51): view('index/envia', [...])
 6 SYSTEMPATH\CodeIgniter.php(942): App\Controllers\Home->email()
 7 SYSTEMPATH\CodeIgniter.php(502): CodeIgniter\CodeIgniter->runController(Object(App\Controllers\Home))
 8 SYSTEMPATH\CodeIgniter.php(361): CodeIgniter\CodeIgniter->handleRequest(null, Object(Config\Cache), false)
 9 FCPATH\index.php(79): CodeIgniter\CodeIgniter->run()
CRITICAL - 2023-12-08 15:23:29 --> Undefined variable $titulo
in APPPATH\Views\index\envia.php on line 20.
 1 APPPATH\Views\index\envia.php(20): CodeIgniter\Debug\Exceptions->errorHandler(2, 'Undefined variable $titulo', 'C:\\wamp64\\www\\codeigniter4\\app\\Views\\index\\envia.php', 20)
 2 SYSTEMPATH\View\View.php(228): include('C:\\wamp64\\www\\codeigniter4\\app\\Views\\index\\envia.php')
 3 SYSTEMPATH\View\View.php(231): CodeIgniter\View\View->CodeIgniter\View\{closure}()
 4 SYSTEMPATH\Common.php(1190): CodeIgniter\View\View->render('index/envia', [], true)
 5 APPPATH\Controllers\Home.php(51): view('index/envia', [...])
 6 SYSTEMPATH\CodeIgniter.php(942): App\Controllers\Home->eemail()
 7 SYSTEMPATH\CodeIgniter.php(502): CodeIgniter\CodeIgniter->runController(Object(App\Controllers\Home))
 8 SYSTEMPATH\CodeIgniter.php(361): CodeIgniter\CodeIgniter->handleRequest(null, Object(Config\Cache), false)
 9 FCPATH\index.php(79): CodeIgniter\CodeIgniter->run()
CRITICAL - 2023-12-08 15:25:05 --> Undefined variable $titulo
in APPPATH\Views\index\envia.php on line 20.
 1 APPPATH\Views\index\envia.php(20): CodeIgniter\Debug\Exceptions->errorHandler(2, 'Undefined variable $titulo', 'C:\\wamp64\\www\\codeigniter4\\app\\Views\\index\\envia.php', 20)
 2 SYSTEMPATH\View\View.php(228): include('C:\\wamp64\\www\\codeigniter4\\app\\Views\\index\\envia.php')
 3 SYSTEMPATH\View\View.php(231): CodeIgniter\View\View->CodeIgniter\View\{closure}()
 4 SYSTEMPATH\Common.php(1190): CodeIgniter\View\View->render('index/envia', [], true)
 5 APPPATH\Controllers\Home.php(48): view('index/envia')
 6 SYSTEMPATH\CodeIgniter.php(942): App\Controllers\Home->eemail()
 7 SYSTEMPATH\CodeIgniter.php(502): CodeIgniter\CodeIgniter->runController(Object(App\Controllers\Home))
 8 SYSTEMPATH\CodeIgniter.php(361): CodeIgniter\CodeIgniter->handleRequest(null, Object(Config\Cache), false)
 9 FCPATH\index.php(79): CodeIgniter\CodeIgniter->run()
CRITICAL - 2023-12-08 15:26:28 --> Undefined variable $titulo
in APPPATH\Views\index\envia.php on line 20.
 1 APPPATH\Views\index\envia.php(20): CodeIgniter\Debug\Exceptions->errorHandler(2, 'Undefined variable $titulo', 'C:\\wamp64\\www\\codeigniter4\\app\\Views\\index\\envia.php', 20)
 2 SYSTEMPATH\View\View.php(228): include('C:\\wamp64\\www\\codeigniter4\\app\\Views\\index\\envia.php')
 3 SYSTEMPATH\View\View.php(231): CodeIgniter\View\View->CodeIgniter\View\{closure}()
 4 SYSTEMPATH\Common.php(1190): CodeIgniter\View\View->render('index/envia', [], true)
 5 APPPATH\Controllers\Home.php(48): view('index/envia')
 6 SYSTEMPATH\CodeIgniter.php(942): App\Controllers\Home->email()
 7 SYSTEMPATH\CodeIgniter.php(502): CodeIgniter\CodeIgniter->runController(Object(App\Controllers\Home))
 8 SYSTEMPATH\CodeIgniter.php(361): CodeIgniter\CodeIgniter->handleRequest(null, Object(Config\Cache), false)
 9 FCPATH\index.php(79): CodeIgniter\CodeIgniter->run()
CRITICAL - 2023-12-08 18:37:50 --> Undefined variable $titulo
in APPPATH\Views\index\envia.php on line 20.
 1 APPPATH\Views\index\envia.php(20): CodeIgniter\Debug\Exceptions->errorHandler(2, 'Undefined variable $titulo', 'C:\\wamp64\\www\\codeigniter4\\app\\Views\\index\\envia.php', 20)
 2 SYSTEMPATH\View\View.php(228): include('C:\\wamp64\\www\\codeigniter4\\app\\Views\\index\\envia.php')
 3 SYSTEMPATH\View\View.php(231): CodeIgniter\View\View->CodeIgniter\View\{closure}()
 4 SYSTEMPATH\Common.php(1190): CodeIgniter\View\View->render('index/envia', [], true)
 5 APPPATH\Controllers\Home.php(48): view('index/envia')
 6 SYSTEMPATH\CodeIgniter.php(942): App\Controllers\Home->email()
 7 SYSTEMPATH\CodeIgniter.php(502): CodeIgniter\CodeIgniter->runController(Object(App\Controllers\Home))
 8 SYSTEMPATH\CodeIgniter.php(361): CodeIgniter\CodeIgniter->handleRequest(null, Object(Config\Cache), false)
 9 FCPATH\index.php(79): CodeIgniter\CodeIgniter->run()
ERROR - 2023-12-08 18:38:02 --> Email: sendWithSmtp throwed ErrorException: fsockopen(): php_network_getaddresses: getaddrinfo for ssl failed: Host desconocido.  in C:\wamp64\www\codeigniter4\system\Email\Email.php:1891
Stack trace:
#0 [internal function]: CodeIgniter\Debug\Exceptions->errorHandler(2, 'fsockopen(): ph...', 'C:\\wamp64\\www\\c...', 1891)
#1 C:\wamp64\www\codeigniter4\system\Email\Email.php(1891): fsockopen('ssl://ssl://mai...', 465, NULL, NULL, 5)
#2 C:\wamp64\www\codeigniter4\system\Email\Email.php(1799): CodeIgniter\Email\Email->SMTPConnect()
#3 C:\wamp64\www\codeigniter4\system\Email\Email.php(1684): CodeIgniter\Email\Email->sendWithSmtp()
#4 C:\wamp64\www\codeigniter4\system\Email\Email.php(1578): CodeIgniter\Email\Email->spoolEmail()
#5 C:\wamp64\www\codeigniter4\app\Controllers\Home.php(70): CodeIgniter\Email\Email->send()
#6 C:\wamp64\www\codeigniter4\system\CodeIgniter.php(942): App\Controllers\Home->sendMail()
#7 C:\wamp64\www\codeigniter4\system\CodeIgniter.php(502): CodeIgniter\CodeIgniter->runController(Object(App\Controllers\Home))
#8 C:\wamp64\www\codeigniter4\system\CodeIgniter.php(361): CodeIgniter\CodeIgniter->handleRequest(NULL, Object(Config\Cache), false)
#9 C:\wamp64\www\codeigniter4\index.php(79): CodeIgniter\CodeIgniter->run()
#10 {main}
ERROR - 2023-12-08 18:38:02 --> Email: Unable to send email using SMTP. Your server might not be configured to send mail using this method.
ERROR - 2023-12-08 18:38:02 --> 
CRITICAL - 2023-12-08 18:38:02 --> Undefined variable $titulo
in APPPATH\Views\index\envia.php on line 20.
 1 APPPATH\Views\index\envia.php(20): CodeIgniter\Debug\Exceptions->errorHandler(2, 'Undefined variable $titulo', 'C:\\wamp64\\www\\codeigniter4\\app\\Views\\index\\envia.php', 20)
 2 SYSTEMPATH\View\View.php(228): include('C:\\wamp64\\www\\codeigniter4\\app\\Views\\index\\envia.php')
 3 SYSTEMPATH\View\View.php(231): CodeIgniter\View\View->CodeIgniter\View\{closure}()
 4 SYSTEMPATH\Common.php(1190): CodeIgniter\View\View->render('index/envia', [], true)
 5 APPPATH\Controllers\Home.php(80): view('index/envia', [...])
 6 SYSTEMPATH\CodeIgniter.php(942): App\Controllers\Home->sendMail()
 7 SYSTEMPATH\CodeIgniter.php(502): CodeIgniter\CodeIgniter->runController(Object(App\Controllers\Home))
 8 SYSTEMPATH\CodeIgniter.php(361): CodeIgniter\CodeIgniter->handleRequest(null, Object(Config\Cache), false)
 9 FCPATH\index.php(79): CodeIgniter\CodeIgniter->run()
CRITICAL - 2023-12-08 18:38:08 --> Undefined variable $titulo
in APPPATH\Views\index\envia.php on line 20.
 1 APPPATH\Views\index\envia.php(20): CodeIgniter\Debug\Exceptions->errorHandler(2, 'Undefined variable $titulo', 'C:\\wamp64\\www\\codeigniter4\\app\\Views\\index\\envia.php', 20)
 2 SYSTEMPATH\View\View.php(228): include('C:\\wamp64\\www\\codeigniter4\\app\\Views\\index\\envia.php')
 3 SYSTEMPATH\View\View.php(231): CodeIgniter\View\View->CodeIgniter\View\{closure}()
 4 SYSTEMPATH\Common.php(1190): CodeIgniter\View\View->render('index/envia', [], true)
 5 APPPATH\Controllers\Home.php(48): view('index/envia')
 6 SYSTEMPATH\CodeIgniter.php(942): App\Controllers\Home->email()
 7 SYSTEMPATH\CodeIgniter.php(502): CodeIgniter\CodeIgniter->runController(Object(App\Controllers\Home))
 8 SYSTEMPATH\CodeIgniter.php(361): CodeIgniter\CodeIgniter->handleRequest(null, Object(Config\Cache), false)
 9 FCPATH\index.php(79): CodeIgniter\CodeIgniter->run()
CRITICAL - 2023-12-08 18:38:47 --> Undefined variable $titulo
in APPPATH\Views\index\envia.php on line 20.
 1 APPPATH\Views\index\envia.php(20): CodeIgniter\Debug\Exceptions->errorHandler(2, 'Undefined variable $titulo', 'C:\\wamp64\\www\\codeigniter4\\app\\Views\\index\\envia.php', 20)
 2 SYSTEMPATH\View\View.php(228): include('C:\\wamp64\\www\\codeigniter4\\app\\Views\\index\\envia.php')
 3 SYSTEMPATH\View\View.php(231): CodeIgniter\View\View->CodeIgniter\View\{closure}()
 4 SYSTEMPATH\Common.php(1190): CodeIgniter\View\View->render('index/envia', [], true)
 5 APPPATH\Controllers\Home.php(48): view('index/envia')
 6 SYSTEMPATH\CodeIgniter.php(942): App\Controllers\Home->email()
 7 SYSTEMPATH\CodeIgniter.php(502): CodeIgniter\CodeIgniter->runController(Object(App\Controllers\Home))
 8 SYSTEMPATH\CodeIgniter.php(361): CodeIgniter\CodeIgniter->handleRequest(null, Object(Config\Cache), false)
 9 FCPATH\index.php(79): CodeIgniter\CodeIgniter->run()
CRITICAL - 2023-12-08 18:39:31 --> Undefined variable $titulo
in APPPATH\Views\index\envia.php on line 20.
 1 APPPATH\Views\index\envia.php(20): CodeIgniter\Debug\Exceptions->errorHandler(2, 'Undefined variable $titulo', 'C:\\wamp64\\www\\codeigniter4\\app\\Views\\index\\envia.php', 20)
 2 SYSTEMPATH\View\View.php(228): include('C:\\wamp64\\www\\codeigniter4\\app\\Views\\index\\envia.php')
 3 SYSTEMPATH\View\View.php(231): CodeIgniter\View\View->CodeIgniter\View\{closure}()
 4 SYSTEMPATH\Common.php(1190): CodeIgniter\View\View->render('index/envia', [], true)
 5 APPPATH\Controllers\Home.php(48): view('index/envia')
 6 SYSTEMPATH\CodeIgniter.php(942): App\Controllers\Home->email()
 7 SYSTEMPATH\CodeIgniter.php(502): CodeIgniter\CodeIgniter->runController(Object(App\Controllers\Home))
 8 SYSTEMPATH\CodeIgniter.php(361): CodeIgniter\CodeIgniter->handleRequest(null, Object(Config\Cache), false)
 9 FCPATH\index.php(79): CodeIgniter\CodeIgniter->run()
CRITICAL - 2023-12-08 18:41:37 --> Undefined variable $result
in APPPATH\Views\index\compra.php on line 22.
 1 APPPATH\Views\index\compra.php(22): CodeIgniter\Debug\Exceptions->errorHandler(2, 'Undefined variable $result', 'C:\\wamp64\\www\\codeigniter4\\app\\Views\\index\\compra.php', 22)
 2 SYSTEMPATH\View\View.php(228): include('C:\\wamp64\\www\\codeigniter4\\app\\Views\\index\\compra.php')
 3 SYSTEMPATH\View\View.php(231): CodeIgniter\View\View->CodeIgniter\View\{closure}()
 4 SYSTEMPATH\Common.php(1190): CodeIgniter\View\View->render('index/compra', [], true)
 5 APPPATH\Controllers\Home.php(48): view('index/compra')
 6 SYSTEMPATH\CodeIgniter.php(942): App\Controllers\Home->email()
 7 SYSTEMPATH\CodeIgniter.php(502): CodeIgniter\CodeIgniter->runController(Object(App\Controllers\Home))
 8 SYSTEMPATH\CodeIgniter.php(361): CodeIgniter\CodeIgniter->handleRequest(null, Object(Config\Cache), false)
 9 FCPATH\index.php(79): CodeIgniter\CodeIgniter->run()
CRITICAL - 2023-12-08 18:42:34 --> Undefined variable $result
in APPPATH\Views\index\compra.php on line 22.
 1 APPPATH\Views\index\compra.php(22): CodeIgniter\Debug\Exceptions->errorHandler(2, 'Undefined variable $result', 'C:\\wamp64\\www\\codeigniter4\\app\\Views\\index\\compra.php', 22)
 2 SYSTEMPATH\View\View.php(228): include('C:\\wamp64\\www\\codeigniter4\\app\\Views\\index\\compra.php')
 3 SYSTEMPATH\View\View.php(231): CodeIgniter\View\View->CodeIgniter\View\{closure}()
 4 SYSTEMPATH\Common.php(1190): CodeIgniter\View\View->render('index/compra', [], true)
 5 APPPATH\Controllers\Home.php(48): view('index/compra')
 6 SYSTEMPATH\CodeIgniter.php(942): App\Controllers\Home->compra()
 7 SYSTEMPATH\CodeIgniter.php(502): CodeIgniter\CodeIgniter->runController(Object(App\Controllers\Home))
 8 SYSTEMPATH\CodeIgniter.php(361): CodeIgniter\CodeIgniter->handleRequest(null, Object(Config\Cache), false)
 9 FCPATH\index.php(79): CodeIgniter\CodeIgniter->run()
CRITICAL - 2023-12-08 18:43:01 --> Undefined variable $result
in APPPATH\Views\index\compra.php on line 22.
 1 APPPATH\Views\index\compra.php(22): CodeIgniter\Debug\Exceptions->errorHandler(2, 'Undefined variable $result', 'C:\\wamp64\\www\\codeigniter4\\app\\Views\\index\\compra.php', 22)
 2 SYSTEMPATH\View\View.php(228): include('C:\\wamp64\\www\\codeigniter4\\app\\Views\\index\\compra.php')
 3 SYSTEMPATH\View\View.php(231): CodeIgniter\View\View->CodeIgniter\View\{closure}()
 4 SYSTEMPATH\Common.php(1190): CodeIgniter\View\View->render('index/compra', [], true)
 5 APPPATH\Controllers\Home.php(48): view('index/compra')
 6 SYSTEMPATH\CodeIgniter.php(942): App\Controllers\Home->compra()
 7 SYSTEMPATH\CodeIgniter.php(502): CodeIgniter\CodeIgniter->runController(Object(App\Controllers\Home))
 8 SYSTEMPATH\CodeIgniter.php(361): CodeIgniter\CodeIgniter->handleRequest(null, Object(Config\Cache), false)
 9 FCPATH\index.php(79): CodeIgniter\CodeIgniter->run()
CRITICAL - 2023-12-08 18:44:16 --> Undefined variable $result
in APPPATH\Views\index\compra.php on line 22.
 1 APPPATH\Views\index\compra.php(22): CodeIgniter\Debug\Exceptions->errorHandler(2, 'Undefined variable $result', 'C:\\wamp64\\www\\codeigniter4\\app\\Views\\index\\compra.php', 22)
 2 SYSTEMPATH\View\View.php(228): include('C:\\wamp64\\www\\codeigniter4\\app\\Views\\index\\compra.php')
 3 SYSTEMPATH\View\View.php(231): CodeIgniter\View\View->CodeIgniter\View\{closure}()
 4 SYSTEMPATH\Common.php(1190): CodeIgniter\View\View->render('index/compra', [], true)
 5 APPPATH\Controllers\Home.php(47): view('index/compra')
 6 SYSTEMPATH\CodeIgniter.php(942): App\Controllers\Home->compras()
 7 SYSTEMPATH\CodeIgniter.php(502): CodeIgniter\CodeIgniter->runController(Object(App\Controllers\Home))
 8 SYSTEMPATH\CodeIgniter.php(361): CodeIgniter\CodeIgniter->handleRequest(null, Object(Config\Cache), false)
 9 FCPATH\index.php(79): CodeIgniter\CodeIgniter->run()
CRITICAL - 2023-12-08 18:44:54 --> Undefined variable $titulo
in APPPATH\Views\index\categorias.php on line 20.
 1 APPPATH\Views\index\categorias.php(20): CodeIgniter\Debug\Exceptions->errorHandler(2, 'Undefined variable $titulo', 'C:\\wamp64\\www\\codeigniter4\\app\\Views\\index\\categorias.php', 20)
 2 SYSTEMPATH\View\View.php(228): include('C:\\wamp64\\www\\codeigniter4\\app\\Views\\index\\categorias.php')
 3 SYSTEMPATH\View\View.php(231): CodeIgniter\View\View->CodeIgniter\View\{closure}()
 4 SYSTEMPATH\Common.php(1190): CodeIgniter\View\View->render('index/categorias', [], true)
 5 APPPATH\Controllers\Home.php(47): view('index/categorias')
 6 SYSTEMPATH\CodeIgniter.php(942): App\Controllers\Home->compras()
 7 SYSTEMPATH\CodeIgniter.php(502): CodeIgniter\CodeIgniter->runController(Object(App\Controllers\Home))
 8 SYSTEMPATH\CodeIgniter.php(361): CodeIgniter\CodeIgniter->handleRequest(null, Object(Config\Cache), false)
 9 FCPATH\index.php(79): CodeIgniter\CodeIgniter->run()
CRITICAL - 2023-12-08 18:45:38 --> Undefined variable $ofertas
in APPPATH\Views\index\index.php on line 94.
 1 APPPATH\Views\index\index.php(94): CodeIgniter\Debug\Exceptions->errorHandler(2, 'Undefined variable $ofertas', 'C:\\wamp64\\www\\codeigniter4\\app\\Views\\index\\index.php', 94)
 2 SYSTEMPATH\View\View.php(228): include('C:\\wamp64\\www\\codeigniter4\\app\\Views\\index\\index.php')
 3 SYSTEMPATH\View\View.php(231): CodeIgniter\View\View->CodeIgniter\View\{closure}()
 4 SYSTEMPATH\Common.php(1190): CodeIgniter\View\View->render('index/index', [], true)
 5 APPPATH\Controllers\Home.php(47): view('index/index')
 6 SYSTEMPATH\CodeIgniter.php(942): App\Controllers\Home->compras()
 7 SYSTEMPATH\CodeIgniter.php(502): CodeIgniter\CodeIgniter->runController(Object(App\Controllers\Home))
 8 SYSTEMPATH\CodeIgniter.php(361): CodeIgniter\CodeIgniter->handleRequest(null, Object(Config\Cache), false)
 9 FCPATH\index.php(79): CodeIgniter\CodeIgniter->run()
CRITICAL - 2023-12-08 18:46:28 --> Undefined variable $ofertas
in APPPATH\Views\index\index.php on line 94.
 1 APPPATH\Views\index\index.php(94): CodeIgniter\Debug\Exceptions->errorHandler(2, 'Undefined variable $ofertas', 'C:\\wamp64\\www\\codeigniter4\\app\\Views\\index\\index.php', 94)
 2 SYSTEMPATH\View\View.php(228): include('C:\\wamp64\\www\\codeigniter4\\app\\Views\\index\\index.php')
 3 SYSTEMPATH\View\View.php(231): CodeIgniter\View\View->CodeIgniter\View\{closure}()
 4 SYSTEMPATH\Common.php(1190): CodeIgniter\View\View->render('index/index', [], true)
 5 APPPATH\Controllers\Home.php(47): view('index/index')
 6 SYSTEMPATH\CodeIgniter.php(942): App\Controllers\Home->compras()
 7 SYSTEMPATH\CodeIgniter.php(502): CodeIgniter\CodeIgniter->runController(Object(App\Controllers\Home))
 8 SYSTEMPATH\CodeIgniter.php(361): CodeIgniter\CodeIgniter->handleRequest(null, Object(Config\Cache), false)
 9 FCPATH\index.php(79): CodeIgniter\CodeIgniter->run()
CRITICAL - 2023-12-08 18:49:11 --> Undefined variable $titulo
in APPPATH\Views\index\categorias.php on line 20.
 1 APPPATH\Views\index\categorias.php(20): CodeIgniter\Debug\Exceptions->errorHandler(2, 'Undefined variable $titulo', 'C:\\wamp64\\www\\codeigniter4\\app\\Views\\index\\categorias.php', 20)
 2 SYSTEMPATH\View\View.php(228): include('C:\\wamp64\\www\\codeigniter4\\app\\Views\\index\\categorias.php')
 3 SYSTEMPATH\View\View.php(231): CodeIgniter\View\View->CodeIgniter\View\{closure}()
 4 SYSTEMPATH\Common.php(1190): CodeIgniter\View\View->render('index/categorias', [], true)
 5 APPPATH\Controllers\Home.php(48): view('index/categorias')
 6 SYSTEMPATH\CodeIgniter.php(942): App\Controllers\Home->bate()
 7 SYSTEMPATH\CodeIgniter.php(502): CodeIgniter\CodeIgniter->runController(Object(App\Controllers\Home))
 8 SYSTEMPATH\CodeIgniter.php(361): CodeIgniter\CodeIgniter->handleRequest(null, Object(Config\Cache), false)
 9 FCPATH\index.php(79): CodeIgniter\CodeIgniter->run()
CRITICAL - 2023-12-08 18:49:35 --> Undefined variable $result
in APPPATH\Views\index\categorias.php on line 22.
 1 APPPATH\Views\index\categorias.php(22): CodeIgniter\Debug\Exceptions->errorHandler(2, 'Undefined variable $result', 'C:\\wamp64\\www\\codeigniter4\\app\\Views\\index\\categorias.php', 22)
 2 SYSTEMPATH\View\View.php(228): include('C:\\wamp64\\www\\codeigniter4\\app\\Views\\index\\categorias.php')
 3 SYSTEMPATH\View\View.php(231): CodeIgniter\View\View->CodeIgniter\View\{closure}()
 4 SYSTEMPATH\Common.php(1190): CodeIgniter\View\View->render('index/categorias', [], true)
 5 APPPATH\Controllers\Home.php(48): view('index/categorias', [...])
 6 SYSTEMPATH\CodeIgniter.php(942): App\Controllers\Home->bate()
 7 SYSTEMPATH\CodeIgniter.php(502): CodeIgniter\CodeIgniter->runController(Object(App\Controllers\Home))
 8 SYSTEMPATH\CodeIgniter.php(361): CodeIgniter\CodeIgniter->handleRequest(null, Object(Config\Cache), false)
 9 FCPATH\index.php(79): CodeIgniter\CodeIgniter->run()
CRITICAL - 2023-12-08 18:51:05 --> Undefined variable $result
in APPPATH\Views\index\categorias.php on line 22.
 1 APPPATH\Views\index\categorias.php(22): CodeIgniter\Debug\Exceptions->errorHandler(2, 'Undefined variable $result', 'C:\\wamp64\\www\\codeigniter4\\app\\Views\\index\\categorias.php', 22)
 2 SYSTEMPATH\View\View.php(228): include('C:\\wamp64\\www\\codeigniter4\\app\\Views\\index\\categorias.php')
 3 SYSTEMPATH\View\View.php(231): CodeIgniter\View\View->CodeIgniter\View\{closure}()
 4 SYSTEMPATH\Common.php(1190): CodeIgniter\View\View->render('index/categorias', [], true)
 5 APPPATH\Controllers\Home.php(54): view('index/categorias', [...])
 6 SYSTEMPATH\CodeIgniter.php(942): App\Controllers\Home->bate()
 7 SYSTEMPATH\CodeIgniter.php(502): CodeIgniter\CodeIgniter->runController(Object(App\Controllers\Home))
 8 SYSTEMPATH\CodeIgniter.php(361): CodeIgniter\CodeIgniter->handleRequest(null, Object(Config\Cache), false)
 9 FCPATH\index.php(79): CodeIgniter\CodeIgniter->run()
CRITICAL - 2023-12-08 18:51:37 --> Undefined variable $result
in APPPATH\Views\index\categorias.php on line 22.
 1 APPPATH\Views\index\categorias.php(22): CodeIgniter\Debug\Exceptions->errorHandler(2, 'Undefined variable $result', 'C:\\wamp64\\www\\codeigniter4\\app\\Views\\index\\categorias.php', 22)
 2 SYSTEMPATH\View\View.php(228): include('C:\\wamp64\\www\\codeigniter4\\app\\Views\\index\\categorias.php')
 3 SYSTEMPATH\View\View.php(231): CodeIgniter\View\View->CodeIgniter\View\{closure}()
 4 SYSTEMPATH\Common.php(1190): CodeIgniter\View\View->render('index/categorias', [], true)
 5 APPPATH\Controllers\Home.php(54): view('index/categorias', [...])
 6 SYSTEMPATH\CodeIgniter.php(942): App\Controllers\Home->bate()
 7 SYSTEMPATH\CodeIgniter.php(502): CodeIgniter\CodeIgniter->runController(Object(App\Controllers\Home))
 8 SYSTEMPATH\CodeIgniter.php(361): CodeIgniter\CodeIgniter->handleRequest(null, Object(Config\Cache), false)
 9 FCPATH\index.php(79): CodeIgniter\CodeIgniter->run()
