CRITICAL - 2023-12-04 14:09:23 --> Allowed memory size of 134217728 bytes exhausted (tried to allocate 65028096 bytes)
in APPPATH\Views\index\index.php on line 185.
 1 [internal function]: CodeIgniter\Debug\Exceptions->shutdownHandler()
CRITICAL - 2023-12-04 14:09:36 --> Allowed memory size of 134217728 bytes exhausted (tried to allocate 65028096 bytes)
in APPPATH\Views\index\index.php on line 185.
 1 [internal function]: CodeIgniter\Debug\Exceptions->shutdownHandler()
WARNING - 2023-12-04 14:10:55 --> [DEPRECATED] number_format(): Passing null to parameter #1 ($num) of type float is deprecated in APPPATH\Views\index\index.php on line 192.
 1 APPPATH\Views\index\index.php(192): number_format(null, 0, ',', '.')
 2 SYSTEMPATH\View\View.php(228): include('C:\\wamp64\\www\\codeigniter4\\app\\Views\\index\\index.php')
 3 SYSTEMPATH\View\View.php(231): CodeIgniter\View\View->CodeIgniter\View\{closure}()
 4 SYSTEMPATH\Common.php(1190): CodeIgniter\View\View->render('index/index', [], true)
 5 APPPATH\Controllers\Home.php(24): view('index/index', [...])
 6 SYSTEMPATH\CodeIgniter.php(942): App\Controllers\Home->index()
 7 SYSTEMPATH\CodeIgniter.php(502): CodeIgniter\CodeIgniter->runController(Object(App\Controllers\Home))
 8 SYSTEMPATH\CodeIgniter.php(361): CodeIgniter\CodeIgniter->handleRequest(null, Object(Config\Cache), false)
 9 FCPATH\index.php(79): CodeIgniter\CodeIgniter->run()
CRITICAL - 2023-12-04 14:13:15 --> Undefined variable $row
in APPPATH\Views\index\index.php on line 200.
 1 APPPATH\Views\index\index.php(200): CodeIgniter\Debug\Exceptions->errorHandler(2, 'Undefined variable $row', 'C:\\wamp64\\www\\codeigniter4\\app\\Views\\index\\index.php', 200)
 2 SYSTEMPATH\View\View.php(228): include('C:\\wamp64\\www\\codeigniter4\\app\\Views\\index\\index.php')
 3 SYSTEMPATH\View\View.php(231): CodeIgniter\View\View->CodeIgniter\View\{closure}()
 4 SYSTEMPATH\Common.php(1190): CodeIgniter\View\View->render('index/index', [], true)
 5 APPPATH\Controllers\Home.php(24): view('index/index', [...])
 6 SYSTEMPATH\CodeIgniter.php(942): App\Controllers\Home->index()
 7 SYSTEMPATH\CodeIgniter.php(502): CodeIgniter\CodeIgniter->runController(Object(App\Controllers\Home))
 8 SYSTEMPATH\CodeIgniter.php(361): CodeIgniter\CodeIgniter->handleRequest(null, Object(Config\Cache), false)
 9 FCPATH\index.php(79): CodeIgniter\CodeIgniter->run()
CRITICAL - 2023-12-04 14:13:50 --> Undefined variable $row
in APPPATH\Views\index\index.php on line 200.
 1 APPPATH\Views\index\index.php(200): CodeIgniter\Debug\Exceptions->errorHandler(2, 'Undefined variable $row', 'C:\\wamp64\\www\\codeigniter4\\app\\Views\\index\\index.php', 200)
 2 SYSTEMPATH\View\View.php(228): include('C:\\wamp64\\www\\codeigniter4\\app\\Views\\index\\index.php')
 3 SYSTEMPATH\View\View.php(231): CodeIgniter\View\View->CodeIgniter\View\{closure}()
 4 SYSTEMPATH\Common.php(1190): CodeIgniter\View\View->render('index/index', [], true)
 5 APPPATH\Controllers\Home.php(24): view('index/index', [...])
 6 SYSTEMPATH\CodeIgniter.php(942): App\Controllers\Home->index()
 7 SYSTEMPATH\CodeIgniter.php(502): CodeIgniter\CodeIgniter->runController(Object(App\Controllers\Home))
 8 SYSTEMPATH\CodeIgniter.php(361): CodeIgniter\CodeIgniter->handleRequest(null, Object(Config\Cache), false)
 9 FCPATH\index.php(79): CodeIgniter\CodeIgniter->run()
WARNING - 2023-12-04 14:14:28 --> [DEPRECATED] number_format(): Passing null to parameter #1 ($num) of type float is deprecated in APPPATH\Views\index\index.php on line 194.
 1 APPPATH\Views\index\index.php(194): number_format(null, 0, ',', '.')
 2 SYSTEMPATH\View\View.php(228): include('C:\\wamp64\\www\\codeigniter4\\app\\Views\\index\\index.php')
 3 SYSTEMPATH\View\View.php(231): CodeIgniter\View\View->CodeIgniter\View\{closure}()
 4 SYSTEMPATH\Common.php(1190): CodeIgniter\View\View->render('index/index', [], true)
 5 APPPATH\Controllers\Home.php(24): view('index/index', [...])
 6 SYSTEMPATH\CodeIgniter.php(942): App\Controllers\Home->index()
 7 SYSTEMPATH\CodeIgniter.php(502): CodeIgniter\CodeIgniter->runController(Object(App\Controllers\Home))
 8 SYSTEMPATH\CodeIgniter.php(361): CodeIgniter\CodeIgniter->handleRequest(null, Object(Config\Cache), false)
 9 FCPATH\index.php(79): CodeIgniter\CodeIgniter->run()
CRITICAL - 2023-12-04 14:19:01 --> Undefined variable $i
in APPPATH\Views\index\index.php on line 164.
 1 APPPATH\Views\index\index.php(164): CodeIgniter\Debug\Exceptions->errorHandler(2, 'Undefined variable $i', 'C:\\wamp64\\www\\codeigniter4\\app\\Views\\index\\index.php', 164)
 2 SYSTEMPATH\View\View.php(228): include('C:\\wamp64\\www\\codeigniter4\\app\\Views\\index\\index.php')
 3 SYSTEMPATH\View\View.php(231): CodeIgniter\View\View->CodeIgniter\View\{closure}()
 4 SYSTEMPATH\Common.php(1190): CodeIgniter\View\View->render('index/index', [], true)
 5 APPPATH\Controllers\Home.php(24): view('index/index', [...])
 6 SYSTEMPATH\CodeIgniter.php(942): App\Controllers\Home->index()
 7 SYSTEMPATH\CodeIgniter.php(502): CodeIgniter\CodeIgniter->runController(Object(App\Controllers\Home))
 8 SYSTEMPATH\CodeIgniter.php(361): CodeIgniter\CodeIgniter->handleRequest(null, Object(Config\Cache), false)
 9 FCPATH\index.php(79): CodeIgniter\CodeIgniter->run()
CRITICAL - 2023-12-04 14:19:29 --> Allowed memory size of 134217728 bytes exhausted (tried to allocate 65028096 bytes)
in APPPATH\Views\index\index.php on line 176.
 1 [internal function]: CodeIgniter\Debug\Exceptions->shutdownHandler()
CRITICAL - 2023-12-04 14:20:26 --> Allowed memory size of 134217728 bytes exhausted (tried to allocate 65028096 bytes)
in APPPATH\Views\index\index.php on line 176.
 1 [internal function]: CodeIgniter\Debug\Exceptions->shutdownHandler()
CRITICAL - 2023-12-04 14:20:51 --> Allowed memory size of 134217728 bytes exhausted (tried to allocate 65028096 bytes)
in APPPATH\Views\index\index.php on line 176.
 1 [internal function]: CodeIgniter\Debug\Exceptions->shutdownHandler()
WARNING - 2023-12-04 14:21:47 --> [DEPRECATED] number_format(): Passing null to parameter #1 ($num) of type float is deprecated in APPPATH\Views\index\index.php on line 254.
 1 APPPATH\Views\index\index.php(254): number_format(null, 0, ',', '.')
 2 SYSTEMPATH\View\View.php(228): include('C:\\wamp64\\www\\codeigniter4\\app\\Views\\index\\index.php')
 3 SYSTEMPATH\View\View.php(231): CodeIgniter\View\View->CodeIgniter\View\{closure}()
 4 SYSTEMPATH\Common.php(1190): CodeIgniter\View\View->render('index/index', [], true)
 5 APPPATH\Controllers\Home.php(24): view('index/index', [...])
 6 SYSTEMPATH\CodeIgniter.php(942): App\Controllers\Home->index()
 7 SYSTEMPATH\CodeIgniter.php(502): CodeIgniter\CodeIgniter->runController(Object(App\Controllers\Home))
 8 SYSTEMPATH\CodeIgniter.php(361): CodeIgniter\CodeIgniter->handleRequest(null, Object(Config\Cache), false)
 9 FCPATH\index.php(79): CodeIgniter\CodeIgniter->run()
CRITICAL - 2023-12-04 14:24:46 --> syntax error, unexpected token ")", expecting ";"
in APPPATH\Views\index\index.php on line 166.
 1 SYSTEMPATH\View\View.php(231): CodeIgniter\View\View->CodeIgniter\View\{closure}()
 2 SYSTEMPATH\Common.php(1190): CodeIgniter\View\View->render('index/index', [], true)
 3 APPPATH\Controllers\Home.php(24): view('index/index', [...])
 4 SYSTEMPATH\CodeIgniter.php(942): App\Controllers\Home->index()
 5 SYSTEMPATH\CodeIgniter.php(502): CodeIgniter\CodeIgniter->runController(Object(App\Controllers\Home))
 6 SYSTEMPATH\CodeIgniter.php(361): CodeIgniter\CodeIgniter->handleRequest(null, Object(Config\Cache), false)
 7 FCPATH\index.php(79): CodeIgniter\CodeIgniter->run()
CRITICAL - 2023-12-04 14:25:03 --> Allowed memory size of 134217728 bytes exhausted (tried to allocate 65028096 bytes)
in APPPATH\Views\index\index.php on line 176.
 1 [internal function]: CodeIgniter\Debug\Exceptions->shutdownHandler()
CRITICAL - 2023-12-04 14:25:21 --> Allowed memory size of 134217728 bytes exhausted (tried to allocate 65028096 bytes)
in APPPATH\Views\index\index.php on line 180.
 1 [internal function]: CodeIgniter\Debug\Exceptions->shutdownHandler()
CRITICAL - 2023-12-04 14:25:44 --> Allowed memory size of 134217728 bytes exhausted (tried to allocate 65028096 bytes)
in APPPATH\Views\index\index.php on line 180.
 1 [internal function]: CodeIgniter\Debug\Exceptions->shutdownHandler()
WARNING - 2023-12-04 14:26:22 --> [DEPRECATED] number_format(): Passing null to parameter #1 ($num) of type float is deprecated in APPPATH\Views\index\index.php on line 254.
 1 APPPATH\Views\index\index.php(254): number_format(null, 0, ',', '.')
 2 SYSTEMPATH\View\View.php(228): include('C:\\wamp64\\www\\codeigniter4\\app\\Views\\index\\index.php')
 3 SYSTEMPATH\View\View.php(231): CodeIgniter\View\View->CodeIgniter\View\{closure}()
 4 SYSTEMPATH\Common.php(1190): CodeIgniter\View\View->render('index/index', [], true)
 5 APPPATH\Controllers\Home.php(24): view('index/index', [...])
 6 SYSTEMPATH\CodeIgniter.php(942): App\Controllers\Home->index()
 7 SYSTEMPATH\CodeIgniter.php(502): CodeIgniter\CodeIgniter->runController(Object(App\Controllers\Home))
 8 SYSTEMPATH\CodeIgniter.php(361): CodeIgniter\CodeIgniter->handleRequest(null, Object(Config\Cache), false)
 9 FCPATH\index.php(79): CodeIgniter\CodeIgniter->run()
CRITICAL - 2023-12-04 14:26:39 --> Allowed memory size of 134217728 bytes exhausted (tried to allocate 65028096 bytes)
in APPPATH\Views\index\index.php on line 176.
 1 [internal function]: CodeIgniter\Debug\Exceptions->shutdownHandler()
WARNING - 2023-12-04 14:27:23 --> [DEPRECATED] number_format(): Passing null to parameter #1 ($num) of type float is deprecated in APPPATH\Views\index\index.php on line 199.
 1 APPPATH\Views\index\index.php(199): number_format(null, 0, ',', '.')
 2 SYSTEMPATH\View\View.php(228): include('C:\\wamp64\\www\\codeigniter4\\app\\Views\\index\\index.php')
 3 SYSTEMPATH\View\View.php(231): CodeIgniter\View\View->CodeIgniter\View\{closure}()
 4 SYSTEMPATH\Common.php(1190): CodeIgniter\View\View->render('index/index', [], true)
 5 APPPATH\Controllers\Home.php(24): view('index/index', [...])
 6 SYSTEMPATH\CodeIgniter.php(942): App\Controllers\Home->index()
 7 SYSTEMPATH\CodeIgniter.php(502): CodeIgniter\CodeIgniter->runController(Object(App\Controllers\Home))
 8 SYSTEMPATH\CodeIgniter.php(361): CodeIgniter\CodeIgniter->handleRequest(null, Object(Config\Cache), false)
 9 FCPATH\index.php(79): CodeIgniter\CodeIgniter->run()
WARNING - 2023-12-04 14:30:28 --> [DEPRECATED] number_format(): Passing null to parameter #1 ($num) of type float is deprecated in APPPATH\Views\index\index.php on line 202.
 1 APPPATH\Views\index\index.php(202): number_format(null, 0, ',', '.')
 2 SYSTEMPATH\View\View.php(228): include('C:\\wamp64\\www\\codeigniter4\\app\\Views\\index\\index.php')
 3 SYSTEMPATH\View\View.php(231): CodeIgniter\View\View->CodeIgniter\View\{closure}()
 4 SYSTEMPATH\Common.php(1190): CodeIgniter\View\View->render('index/index', [], true)
 5 APPPATH\Controllers\Home.php(24): view('index/index', [...])
 6 SYSTEMPATH\CodeIgniter.php(942): App\Controllers\Home->index()
 7 SYSTEMPATH\CodeIgniter.php(502): CodeIgniter\CodeIgniter->runController(Object(App\Controllers\Home))
 8 SYSTEMPATH\CodeIgniter.php(361): CodeIgniter\CodeIgniter->handleRequest(null, Object(Config\Cache), false)
 9 FCPATH\index.php(79): CodeIgniter\CodeIgniter->run()
CRITICAL - 2023-12-04 14:33:18 --> Allowed memory size of 134217728 bytes exhausted (tried to allocate 65028096 bytes)
in APPPATH\Views\index\index.php on line 166.
 1 [internal function]: CodeIgniter\Debug\Exceptions->shutdownHandler()
CRITICAL - 2023-12-04 14:33:41 --> Allowed memory size of 134217728 bytes exhausted (tried to allocate 65028096 bytes)
in APPPATH\Views\index\index.php on line 166.
 1 [internal function]: CodeIgniter\Debug\Exceptions->shutdownHandler()
CRITICAL - 2023-12-04 14:34:02 --> Allowed memory size of 134217728 bytes exhausted (tried to allocate 65028096 bytes)
in APPPATH\Views\index\index.php on line 168.
 1 [internal function]: CodeIgniter\Debug\Exceptions->shutdownHandler()
WARNING - 2023-12-04 14:34:51 --> [DEPRECATED] number_format(): Passing null to parameter #1 ($num) of type float is deprecated in APPPATH\Views\index\index.php on line 206.
 1 APPPATH\Views\index\index.php(206): number_format(null, 0, ',', '.')
 2 SYSTEMPATH\View\View.php(228): include('C:\\wamp64\\www\\codeigniter4\\app\\Views\\index\\index.php')
 3 SYSTEMPATH\View\View.php(231): CodeIgniter\View\View->CodeIgniter\View\{closure}()
 4 SYSTEMPATH\Common.php(1190): CodeIgniter\View\View->render('index/index', [], true)
 5 APPPATH\Controllers\Home.php(24): view('index/index', [...])
 6 SYSTEMPATH\CodeIgniter.php(942): App\Controllers\Home->index()
 7 SYSTEMPATH\CodeIgniter.php(502): CodeIgniter\CodeIgniter->runController(Object(App\Controllers\Home))
 8 SYSTEMPATH\CodeIgniter.php(361): CodeIgniter\CodeIgniter->handleRequest(null, Object(Config\Cache), false)
 9 FCPATH\index.php(79): CodeIgniter\CodeIgniter->run()
WARNING - 2023-12-04 14:35:47 --> [DEPRECATED] number_format(): Passing null to parameter #1 ($num) of type float is deprecated in APPPATH\Views\index\index.php on line 247.
 1 APPPATH\Views\index\index.php(247): number_format(null, 0, ',', '.')
 2 SYSTEMPATH\View\View.php(228): include('C:\\wamp64\\www\\codeigniter4\\app\\Views\\index\\index.php')
 3 SYSTEMPATH\View\View.php(231): CodeIgniter\View\View->CodeIgniter\View\{closure}()
 4 SYSTEMPATH\Common.php(1190): CodeIgniter\View\View->render('index/index', [], true)
 5 APPPATH\Controllers\Home.php(24): view('index/index', [...])
 6 SYSTEMPATH\CodeIgniter.php(942): App\Controllers\Home->index()
 7 SYSTEMPATH\CodeIgniter.php(502): CodeIgniter\CodeIgniter->runController(Object(App\Controllers\Home))
 8 SYSTEMPATH\CodeIgniter.php(361): CodeIgniter\CodeIgniter->handleRequest(null, Object(Config\Cache), false)
 9 FCPATH\index.php(79): CodeIgniter\CodeIgniter->run()
WARNING - 2023-12-04 14:42:07 --> [DEPRECATED] number_format(): Passing null to parameter #1 ($num) of type float is deprecated in APPPATH\Views\index\index.php on line 202.
 1 APPPATH\Views\index\index.php(202): number_format(null, 0, ',', '.')
 2 SYSTEMPATH\View\View.php(228): include('C:\\wamp64\\www\\codeigniter4\\app\\Views\\index\\index.php')
 3 SYSTEMPATH\View\View.php(231): CodeIgniter\View\View->CodeIgniter\View\{closure}()
 4 SYSTEMPATH\Common.php(1190): CodeIgniter\View\View->render('index/index', [], true)
 5 APPPATH\Controllers\Home.php(24): view('index/index', [...])
 6 SYSTEMPATH\CodeIgniter.php(942): App\Controllers\Home->index()
 7 SYSTEMPATH\CodeIgniter.php(502): CodeIgniter\CodeIgniter->runController(Object(App\Controllers\Home))
 8 SYSTEMPATH\CodeIgniter.php(361): CodeIgniter\CodeIgniter->handleRequest(null, Object(Config\Cache), false)
 9 FCPATH\index.php(79): CodeIgniter\CodeIgniter->run()
WARNING - 2023-12-04 14:43:00 --> [DEPRECATED] number_format(): Passing null to parameter #1 ($num) of type float is deprecated in APPPATH\Views\index\index.php on line 198.
 1 APPPATH\Views\index\index.php(198): number_format(null, 0, ',', '.')
 2 SYSTEMPATH\View\View.php(228): include('C:\\wamp64\\www\\codeigniter4\\app\\Views\\index\\index.php')
 3 SYSTEMPATH\View\View.php(231): CodeIgniter\View\View->CodeIgniter\View\{closure}()
 4 SYSTEMPATH\Common.php(1190): CodeIgniter\View\View->render('index/index', [], true)
 5 APPPATH\Controllers\Home.php(24): view('index/index', [...])
 6 SYSTEMPATH\CodeIgniter.php(942): App\Controllers\Home->index()
 7 SYSTEMPATH\CodeIgniter.php(502): CodeIgniter\CodeIgniter->runController(Object(App\Controllers\Home))
 8 SYSTEMPATH\CodeIgniter.php(361): CodeIgniter\CodeIgniter->handleRequest(null, Object(Config\Cache), false)
 9 FCPATH\index.php(79): CodeIgniter\CodeIgniter->run()
WARNING - 2023-12-04 14:52:57 --> [DEPRECATED] number_format(): Passing null to parameter #1 ($num) of type float is deprecated in APPPATH\Views\index\index.php on line 211.
 1 APPPATH\Views\index\index.php(211): number_format(null, 0, ',', '.')
 2 SYSTEMPATH\View\View.php(228): include('C:\\wamp64\\www\\codeigniter4\\app\\Views\\index\\index.php')
 3 SYSTEMPATH\View\View.php(231): CodeIgniter\View\View->CodeIgniter\View\{closure}()
 4 SYSTEMPATH\Common.php(1190): CodeIgniter\View\View->render('index/index', [], true)
 5 APPPATH\Controllers\Home.php(24): view('index/index', [...])
 6 SYSTEMPATH\CodeIgniter.php(942): App\Controllers\Home->index()
 7 SYSTEMPATH\CodeIgniter.php(502): CodeIgniter\CodeIgniter->runController(Object(App\Controllers\Home))
 8 SYSTEMPATH\CodeIgniter.php(361): CodeIgniter\CodeIgniter->handleRequest(null, Object(Config\Cache), false)
 9 FCPATH\index.php(79): CodeIgniter\CodeIgniter->run()
WARNING - 2023-12-04 14:54:01 --> [DEPRECATED] number_format(): Passing null to parameter #1 ($num) of type float is deprecated in APPPATH\Views\index\index.php on line 211.
 1 APPPATH\Views\index\index.php(211): number_format(null, 0, ',', '.')
 2 SYSTEMPATH\View\View.php(228): include('C:\\wamp64\\www\\codeigniter4\\app\\Views\\index\\index.php')
 3 SYSTEMPATH\View\View.php(231): CodeIgniter\View\View->CodeIgniter\View\{closure}()
 4 SYSTEMPATH\Common.php(1190): CodeIgniter\View\View->render('index/index', [], true)
 5 APPPATH\Controllers\Home.php(24): view('index/index', [...])
 6 SYSTEMPATH\CodeIgniter.php(942): App\Controllers\Home->index()
 7 SYSTEMPATH\CodeIgniter.php(502): CodeIgniter\CodeIgniter->runController(Object(App\Controllers\Home))
 8 SYSTEMPATH\CodeIgniter.php(361): CodeIgniter\CodeIgniter->handleRequest(null, Object(Config\Cache), false)
 9 FCPATH\index.php(79): CodeIgniter\CodeIgniter->run()
WARNING - 2023-12-04 14:54:53 --> [DEPRECATED] number_format(): Passing null to parameter #1 ($num) of type float is deprecated in APPPATH\Views\index\index.php on line 211.
 1 APPPATH\Views\index\index.php(211): number_format(null, 0, ',', '.')
 2 SYSTEMPATH\View\View.php(228): include('C:\\wamp64\\www\\codeigniter4\\app\\Views\\index\\index.php')
 3 SYSTEMPATH\View\View.php(231): CodeIgniter\View\View->CodeIgniter\View\{closure}()
 4 SYSTEMPATH\Common.php(1190): CodeIgniter\View\View->render('index/index', [], true)
 5 APPPATH\Controllers\Home.php(24): view('index/index', [...])
 6 SYSTEMPATH\CodeIgniter.php(942): App\Controllers\Home->index()
 7 SYSTEMPATH\CodeIgniter.php(502): CodeIgniter\CodeIgniter->runController(Object(App\Controllers\Home))
 8 SYSTEMPATH\CodeIgniter.php(361): CodeIgniter\CodeIgniter->handleRequest(null, Object(Config\Cache), false)
 9 FCPATH\index.php(79): CodeIgniter\CodeIgniter->run()
WARNING - 2023-12-04 14:56:52 --> [DEPRECATED] number_format(): Passing null to parameter #1 ($num) of type float is deprecated in APPPATH\Views\index\index.php on line 211.
 1 APPPATH\Views\index\index.php(211): number_format(null, 0, ',', '.')
 2 SYSTEMPATH\View\View.php(228): include('C:\\wamp64\\www\\codeigniter4\\app\\Views\\index\\index.php')
 3 SYSTEMPATH\View\View.php(231): CodeIgniter\View\View->CodeIgniter\View\{closure}()
 4 SYSTEMPATH\Common.php(1190): CodeIgniter\View\View->render('index/index', [], true)
 5 APPPATH\Controllers\Home.php(24): view('index/index', [...])
 6 SYSTEMPATH\CodeIgniter.php(942): App\Controllers\Home->index()
 7 SYSTEMPATH\CodeIgniter.php(502): CodeIgniter\CodeIgniter->runController(Object(App\Controllers\Home))
 8 SYSTEMPATH\CodeIgniter.php(361): CodeIgniter\CodeIgniter->handleRequest(null, Object(Config\Cache), false)
 9 FCPATH\index.php(79): CodeIgniter\CodeIgniter->run()
WARNING - 2023-12-04 14:58:59 --> [DEPRECATED] number_format(): Passing null to parameter #1 ($num) of type float is deprecated in APPPATH\Views\index\index.php on line 211.
 1 APPPATH\Views\index\index.php(211): number_format(null, 0, ',', '.')
 2 SYSTEMPATH\View\View.php(228): include('C:\\wamp64\\www\\codeigniter4\\app\\Views\\index\\index.php')
 3 SYSTEMPATH\View\View.php(231): CodeIgniter\View\View->CodeIgniter\View\{closure}()
 4 SYSTEMPATH\Common.php(1190): CodeIgniter\View\View->render('index/index', [], true)
 5 APPPATH\Controllers\Home.php(24): view('index/index', [...])
 6 SYSTEMPATH\CodeIgniter.php(942): App\Controllers\Home->index()
 7 SYSTEMPATH\CodeIgniter.php(502): CodeIgniter\CodeIgniter->runController(Object(App\Controllers\Home))
 8 SYSTEMPATH\CodeIgniter.php(361): CodeIgniter\CodeIgniter->handleRequest(null, Object(Config\Cache), false)
 9 FCPATH\index.php(79): CodeIgniter\CodeIgniter->run()
WARNING - 2023-12-04 15:00:22 --> [DEPRECATED] number_format(): Passing null to parameter #1 ($num) of type float is deprecated in APPPATH\Views\index\index.php on line 264.
 1 APPPATH\Views\index\index.php(264): number_format(null, 0, ',', '.')
 2 SYSTEMPATH\View\View.php(228): include('C:\\wamp64\\www\\codeigniter4\\app\\Views\\index\\index.php')
 3 SYSTEMPATH\View\View.php(231): CodeIgniter\View\View->CodeIgniter\View\{closure}()
 4 SYSTEMPATH\Common.php(1190): CodeIgniter\View\View->render('index/index', [], true)
 5 APPPATH\Controllers\Home.php(24): view('index/index', [...])
 6 SYSTEMPATH\CodeIgniter.php(942): App\Controllers\Home->index()
 7 SYSTEMPATH\CodeIgniter.php(502): CodeIgniter\CodeIgniter->runController(Object(App\Controllers\Home))
 8 SYSTEMPATH\CodeIgniter.php(361): CodeIgniter\CodeIgniter->handleRequest(null, Object(Config\Cache), false)
 9 FCPATH\index.php(79): CodeIgniter\CodeIgniter->run()
WARNING - 2023-12-04 15:00:39 --> [DEPRECATED] number_format(): Passing null to parameter #1 ($num) of type float is deprecated in APPPATH\Views\index\index.php on line 264.
 1 APPPATH\Views\index\index.php(264): number_format(null, 0, ',', '.')
 2 SYSTEMPATH\View\View.php(228): include('C:\\wamp64\\www\\codeigniter4\\app\\Views\\index\\index.php')
 3 SYSTEMPATH\View\View.php(231): CodeIgniter\View\View->CodeIgniter\View\{closure}()
 4 SYSTEMPATH\Common.php(1190): CodeIgniter\View\View->render('index/index', [], true)
 5 APPPATH\Controllers\Home.php(24): view('index/index', [...])
 6 SYSTEMPATH\CodeIgniter.php(942): App\Controllers\Home->index()
 7 SYSTEMPATH\CodeIgniter.php(502): CodeIgniter\CodeIgniter->runController(Object(App\Controllers\Home))
 8 SYSTEMPATH\CodeIgniter.php(361): CodeIgniter\CodeIgniter->handleRequest(null, Object(Config\Cache), false)
 9 FCPATH\index.php(79): CodeIgniter\CodeIgniter->run()
WARNING - 2023-12-04 15:01:54 --> [DEPRECATED] number_format(): Passing null to parameter #1 ($num) of type float is deprecated in APPPATH\Views\index\index.php on line 336.
 1 APPPATH\Views\index\index.php(336): number_format(null, 0, ',', '.')
 2 SYSTEMPATH\View\View.php(228): include('C:\\wamp64\\www\\codeigniter4\\app\\Views\\index\\index.php')
 3 SYSTEMPATH\View\View.php(231): CodeIgniter\View\View->CodeIgniter\View\{closure}()
 4 SYSTEMPATH\Common.php(1190): CodeIgniter\View\View->render('index/index', [], true)
 5 APPPATH\Controllers\Home.php(24): view('index/index', [...])
 6 SYSTEMPATH\CodeIgniter.php(942): App\Controllers\Home->index()
 7 SYSTEMPATH\CodeIgniter.php(502): CodeIgniter\CodeIgniter->runController(Object(App\Controllers\Home))
 8 SYSTEMPATH\CodeIgniter.php(361): CodeIgniter\CodeIgniter->handleRequest(null, Object(Config\Cache), false)
 9 FCPATH\index.php(79): CodeIgniter\CodeIgniter->run()
WARNING - 2023-12-04 15:09:50 --> [DEPRECATED] number_format(): Passing null to parameter #1 ($num) of type float is deprecated in APPPATH\Views\index\index.php on line 235.
 1 APPPATH\Views\index\index.php(235): number_format(null, 0, ',', '.')
 2 SYSTEMPATH\View\View.php(228): include('C:\\wamp64\\www\\codeigniter4\\app\\Views\\index\\index.php')
 3 SYSTEMPATH\View\View.php(231): CodeIgniter\View\View->CodeIgniter\View\{closure}()
 4 SYSTEMPATH\Common.php(1190): CodeIgniter\View\View->render('index/index', [], true)
 5 APPPATH\Controllers\Home.php(24): view('index/index', [...])
 6 SYSTEMPATH\CodeIgniter.php(942): App\Controllers\Home->index()
 7 SYSTEMPATH\CodeIgniter.php(502): CodeIgniter\CodeIgniter->runController(Object(App\Controllers\Home))
 8 SYSTEMPATH\CodeIgniter.php(361): CodeIgniter\CodeIgniter->handleRequest(null, Object(Config\Cache), false)
 9 FCPATH\index.php(79): CodeIgniter\CodeIgniter->run()
WARNING - 2023-12-04 15:10:56 --> [DEPRECATED] number_format(): Passing null to parameter #1 ($num) of type float is deprecated in APPPATH\Views\index\index.php on line 232.
 1 APPPATH\Views\index\index.php(232): number_format(null, 0, ',', '.')
 2 SYSTEMPATH\View\View.php(228): include('C:\\wamp64\\www\\codeigniter4\\app\\Views\\index\\index.php')
 3 SYSTEMPATH\View\View.php(231): CodeIgniter\View\View->CodeIgniter\View\{closure}()
 4 SYSTEMPATH\Common.php(1190): CodeIgniter\View\View->render('index/index', [], true)
 5 APPPATH\Controllers\Home.php(24): view('index/index', [...])
 6 SYSTEMPATH\CodeIgniter.php(942): App\Controllers\Home->index()
 7 SYSTEMPATH\CodeIgniter.php(502): CodeIgniter\CodeIgniter->runController(Object(App\Controllers\Home))
 8 SYSTEMPATH\CodeIgniter.php(361): CodeIgniter\CodeIgniter->handleRequest(null, Object(Config\Cache), false)
 9 FCPATH\index.php(79): CodeIgniter\CodeIgniter->run()
WARNING - 2023-12-04 15:11:47 --> [DEPRECATED] number_format(): Passing null to parameter #1 ($num) of type float is deprecated in APPPATH\Views\index\index.php on line 232.
 1 APPPATH\Views\index\index.php(232): number_format(null, 0, ',', '.')
 2 SYSTEMPATH\View\View.php(228): include('C:\\wamp64\\www\\codeigniter4\\app\\Views\\index\\index.php')
 3 SYSTEMPATH\View\View.php(231): CodeIgniter\View\View->CodeIgniter\View\{closure}()
 4 SYSTEMPATH\Common.php(1190): CodeIgniter\View\View->render('index/index', [], true)
 5 APPPATH\Controllers\Home.php(24): view('index/index', [...])
 6 SYSTEMPATH\CodeIgniter.php(942): App\Controllers\Home->index()
 7 SYSTEMPATH\CodeIgniter.php(502): CodeIgniter\CodeIgniter->runController(Object(App\Controllers\Home))
 8 SYSTEMPATH\CodeIgniter.php(361): CodeIgniter\CodeIgniter->handleRequest(null, Object(Config\Cache), false)
 9 FCPATH\index.php(79): CodeIgniter\CodeIgniter->run()
WARNING - 2023-12-04 15:19:41 --> [DEPRECATED] number_format(): Passing null to parameter #1 ($num) of type float is deprecated in APPPATH\Views\index\index.php on line 181.
 1 APPPATH\Views\index\index.php(181): number_format(null, 0, ',', '.')
 2 SYSTEMPATH\View\View.php(228): include('C:\\wamp64\\www\\codeigniter4\\app\\Views\\index\\index.php')
 3 SYSTEMPATH\View\View.php(231): CodeIgniter\View\View->CodeIgniter\View\{closure}()
 4 SYSTEMPATH\Common.php(1190): CodeIgniter\View\View->render('index/index', [], true)
 5 APPPATH\Controllers\Home.php(24): view('index/index', [...])
 6 SYSTEMPATH\CodeIgniter.php(942): App\Controllers\Home->index()
 7 SYSTEMPATH\CodeIgniter.php(502): CodeIgniter\CodeIgniter->runController(Object(App\Controllers\Home))
 8 SYSTEMPATH\CodeIgniter.php(361): CodeIgniter\CodeIgniter->handleRequest(null, Object(Config\Cache), false)
 9 FCPATH\index.php(79): CodeIgniter\CodeIgniter->run()
WARNING - 2023-12-04 15:20:22 --> [DEPRECATED] number_format(): Passing null to parameter #1 ($num) of type float is deprecated in APPPATH\Views\index\index.php on line 181.
 1 APPPATH\Views\index\index.php(181): number_format(null, 0, ',', '.')
 2 SYSTEMPATH\View\View.php(228): include('C:\\wamp64\\www\\codeigniter4\\app\\Views\\index\\index.php')
 3 SYSTEMPATH\View\View.php(231): CodeIgniter\View\View->CodeIgniter\View\{closure}()
 4 SYSTEMPATH\Common.php(1190): CodeIgniter\View\View->render('index/index', [], true)
 5 APPPATH\Controllers\Home.php(24): view('index/index', [...])
 6 SYSTEMPATH\CodeIgniter.php(942): App\Controllers\Home->index()
 7 SYSTEMPATH\CodeIgniter.php(502): CodeIgniter\CodeIgniter->runController(Object(App\Controllers\Home))
 8 SYSTEMPATH\CodeIgniter.php(361): CodeIgniter\CodeIgniter->handleRequest(null, Object(Config\Cache), false)
 9 FCPATH\index.php(79): CodeIgniter\CodeIgniter->run()
WARNING - 2023-12-04 15:20:29 --> [DEPRECATED] number_format(): Passing null to parameter #1 ($num) of type float is deprecated in APPPATH\Views\index\index.php on line 181.
 1 APPPATH\Views\index\index.php(181): number_format(null, 0, ',', '.')
 2 SYSTEMPATH\View\View.php(228): include('C:\\wamp64\\www\\codeigniter4\\app\\Views\\index\\index.php')
 3 SYSTEMPATH\View\View.php(231): CodeIgniter\View\View->CodeIgniter\View\{closure}()
 4 SYSTEMPATH\Common.php(1190): CodeIgniter\View\View->render('index/index', [], true)
 5 APPPATH\Controllers\Home.php(24): view('index/index', [...])
 6 SYSTEMPATH\CodeIgniter.php(942): App\Controllers\Home->index()
 7 SYSTEMPATH\CodeIgniter.php(502): CodeIgniter\CodeIgniter->runController(Object(App\Controllers\Home))
 8 SYSTEMPATH\CodeIgniter.php(361): CodeIgniter\CodeIgniter->handleRequest(null, Object(Config\Cache), false)
 9 FCPATH\index.php(79): CodeIgniter\CodeIgniter->run()
WARNING - 2023-12-04 15:21:32 --> [DEPRECATED] number_format(): Passing null to parameter #1 ($num) of type float is deprecated in APPPATH\Views\index\index.php on line 181.
 1 APPPATH\Views\index\index.php(181): number_format(null, 0, ',', '.')
 2 SYSTEMPATH\View\View.php(228): include('C:\\wamp64\\www\\codeigniter4\\app\\Views\\index\\index.php')
 3 SYSTEMPATH\View\View.php(231): CodeIgniter\View\View->CodeIgniter\View\{closure}()
 4 SYSTEMPATH\Common.php(1190): CodeIgniter\View\View->render('index/index', [], true)
 5 APPPATH\Controllers\Home.php(24): view('index/index', [...])
 6 SYSTEMPATH\CodeIgniter.php(942): App\Controllers\Home->index()
 7 SYSTEMPATH\CodeIgniter.php(502): CodeIgniter\CodeIgniter->runController(Object(App\Controllers\Home))
 8 SYSTEMPATH\CodeIgniter.php(361): CodeIgniter\CodeIgniter->handleRequest(null, Object(Config\Cache), false)
 9 FCPATH\index.php(79): CodeIgniter\CodeIgniter->run()
WARNING - 2023-12-04 15:22:17 --> [DEPRECATED] number_format(): Passing null to parameter #1 ($num) of type float is deprecated in APPPATH\Views\index\index.php on line 181.
 1 APPPATH\Views\index\index.php(181): number_format(null, 0, ',', '.')
 2 SYSTEMPATH\View\View.php(228): include('C:\\wamp64\\www\\codeigniter4\\app\\Views\\index\\index.php')
 3 SYSTEMPATH\View\View.php(231): CodeIgniter\View\View->CodeIgniter\View\{closure}()
 4 SYSTEMPATH\Common.php(1190): CodeIgniter\View\View->render('index/index', [], true)
 5 APPPATH\Controllers\Home.php(24): view('index/index', [...])
 6 SYSTEMPATH\CodeIgniter.php(942): App\Controllers\Home->index()
 7 SYSTEMPATH\CodeIgniter.php(502): CodeIgniter\CodeIgniter->runController(Object(App\Controllers\Home))
 8 SYSTEMPATH\CodeIgniter.php(361): CodeIgniter\CodeIgniter->handleRequest(null, Object(Config\Cache), false)
 9 FCPATH\index.php(79): CodeIgniter\CodeIgniter->run()
CRITICAL - 2023-12-04 15:22:17 --> Attempt to read property "id" on string
in APPPATH\Views\index\index.php on line 207.
 1 APPPATH\Views\index\index.php(207): CodeIgniter\Debug\Exceptions->errorHandler(2, 'Attempt to read property "id" on string', 'C:\\wamp64\\www\\codeigniter4\\app\\Views\\index\\index.php', 207)
 2 SYSTEMPATH\View\View.php(228): include('C:\\wamp64\\www\\codeigniter4\\app\\Views\\index\\index.php')
 3 SYSTEMPATH\View\View.php(231): CodeIgniter\View\View->CodeIgniter\View\{closure}()
 4 SYSTEMPATH\Common.php(1190): CodeIgniter\View\View->render('index/index', [], true)
 5 APPPATH\Controllers\Home.php(24): view('index/index', [...])
 6 SYSTEMPATH\CodeIgniter.php(942): App\Controllers\Home->index()
 7 SYSTEMPATH\CodeIgniter.php(502): CodeIgniter\CodeIgniter->runController(Object(App\Controllers\Home))
 8 SYSTEMPATH\CodeIgniter.php(361): CodeIgniter\CodeIgniter->handleRequest(null, Object(Config\Cache), false)
 9 FCPATH\index.php(79): CodeIgniter\CodeIgniter->run()
WARNING - 2023-12-04 15:24:21 --> [DEPRECATED] number_format(): Passing null to parameter #1 ($num) of type float is deprecated in APPPATH\Views\index\index.php on line 181.
 1 APPPATH\Views\index\index.php(181): number_format(null, 0, ',', '.')
 2 SYSTEMPATH\View\View.php(228): include('C:\\wamp64\\www\\codeigniter4\\app\\Views\\index\\index.php')
 3 SYSTEMPATH\View\View.php(231): CodeIgniter\View\View->CodeIgniter\View\{closure}()
 4 SYSTEMPATH\Common.php(1190): CodeIgniter\View\View->render('index/index', [], true)
 5 APPPATH\Controllers\Home.php(24): view('index/index', [...])
 6 SYSTEMPATH\CodeIgniter.php(942): App\Controllers\Home->index()
 7 SYSTEMPATH\CodeIgniter.php(502): CodeIgniter\CodeIgniter->runController(Object(App\Controllers\Home))
 8 SYSTEMPATH\CodeIgniter.php(361): CodeIgniter\CodeIgniter->handleRequest(null, Object(Config\Cache), false)
 9 FCPATH\index.php(79): CodeIgniter\CodeIgniter->run()
CRITICAL - 2023-12-04 15:24:21 --> Attempt to read property "id" on string
in APPPATH\Views\index\index.php on line 207.
 1 APPPATH\Views\index\index.php(207): CodeIgniter\Debug\Exceptions->errorHandler(2, 'Attempt to read property "id" on string', 'C:\\wamp64\\www\\codeigniter4\\app\\Views\\index\\index.php', 207)
 2 SYSTEMPATH\View\View.php(228): include('C:\\wamp64\\www\\codeigniter4\\app\\Views\\index\\index.php')
 3 SYSTEMPATH\View\View.php(231): CodeIgniter\View\View->CodeIgniter\View\{closure}()
 4 SYSTEMPATH\Common.php(1190): CodeIgniter\View\View->render('index/index', [], true)
 5 APPPATH\Controllers\Home.php(24): view('index/index', [...])
 6 SYSTEMPATH\CodeIgniter.php(942): App\Controllers\Home->index()
 7 SYSTEMPATH\CodeIgniter.php(502): CodeIgniter\CodeIgniter->runController(Object(App\Controllers\Home))
 8 SYSTEMPATH\CodeIgniter.php(361): CodeIgniter\CodeIgniter->handleRequest(null, Object(Config\Cache), false)
 9 FCPATH\index.php(79): CodeIgniter\CodeIgniter->run()
WARNING - 2023-12-04 15:24:34 --> [DEPRECATED] number_format(): Passing null to parameter #1 ($num) of type float is deprecated in APPPATH\Views\index\index.php on line 181.
 1 APPPATH\Views\index\index.php(181): number_format(null, 0, ',', '.')
 2 SYSTEMPATH\View\View.php(228): include('C:\\wamp64\\www\\codeigniter4\\app\\Views\\index\\index.php')
 3 SYSTEMPATH\View\View.php(231): CodeIgniter\View\View->CodeIgniter\View\{closure}()
 4 SYSTEMPATH\Common.php(1190): CodeIgniter\View\View->render('index/index', [], true)
 5 APPPATH\Controllers\Home.php(24): view('index/index', [...])
 6 SYSTEMPATH\CodeIgniter.php(942): App\Controllers\Home->index()
 7 SYSTEMPATH\CodeIgniter.php(502): CodeIgniter\CodeIgniter->runController(Object(App\Controllers\Home))
 8 SYSTEMPATH\CodeIgniter.php(361): CodeIgniter\CodeIgniter->handleRequest(null, Object(Config\Cache), false)
 9 FCPATH\index.php(79): CodeIgniter\CodeIgniter->run()
CRITICAL - 2023-12-04 15:24:34 --> Attempt to read property "imagen" on string
in APPPATH\Views\index\index.php on line 209.
 1 APPPATH\Views\index\index.php(209): CodeIgniter\Debug\Exceptions->errorHandler(2, 'Attempt to read property "imagen" on string', 'C:\\wamp64\\www\\codeigniter4\\app\\Views\\index\\index.php', 209)
 2 SYSTEMPATH\View\View.php(228): include('C:\\wamp64\\www\\codeigniter4\\app\\Views\\index\\index.php')
 3 SYSTEMPATH\View\View.php(231): CodeIgniter\View\View->CodeIgniter\View\{closure}()
 4 SYSTEMPATH\Common.php(1190): CodeIgniter\View\View->render('index/index', [], true)
 5 APPPATH\Controllers\Home.php(24): view('index/index', [...])
 6 SYSTEMPATH\CodeIgniter.php(942): App\Controllers\Home->index()
 7 SYSTEMPATH\CodeIgniter.php(502): CodeIgniter\CodeIgniter->runController(Object(App\Controllers\Home))
 8 SYSTEMPATH\CodeIgniter.php(361): CodeIgniter\CodeIgniter->handleRequest(null, Object(Config\Cache), false)
 9 FCPATH\index.php(79): CodeIgniter\CodeIgniter->run()
WARNING - 2023-12-04 15:24:54 --> [DEPRECATED] number_format(): Passing null to parameter #1 ($num) of type float is deprecated in APPPATH\Views\index\index.php on line 181.
 1 APPPATH\Views\index\index.php(181): number_format(null, 0, ',', '.')
 2 SYSTEMPATH\View\View.php(228): include('C:\\wamp64\\www\\codeigniter4\\app\\Views\\index\\index.php')
 3 SYSTEMPATH\View\View.php(231): CodeIgniter\View\View->CodeIgniter\View\{closure}()
 4 SYSTEMPATH\Common.php(1190): CodeIgniter\View\View->render('index/index', [], true)
 5 APPPATH\Controllers\Home.php(24): view('index/index', [...])
 6 SYSTEMPATH\CodeIgniter.php(942): App\Controllers\Home->index()
 7 SYSTEMPATH\CodeIgniter.php(502): CodeIgniter\CodeIgniter->runController(Object(App\Controllers\Home))
 8 SYSTEMPATH\CodeIgniter.php(361): CodeIgniter\CodeIgniter->handleRequest(null, Object(Config\Cache), false)
 9 FCPATH\index.php(79): CodeIgniter\CodeIgniter->run()
CRITICAL - 2023-12-04 15:24:54 --> Attempt to read property "id" on string
in APPPATH\Views\index\index.php on line 207.
 1 APPPATH\Views\index\index.php(207): CodeIgniter\Debug\Exceptions->errorHandler(2, 'Attempt to read property "id" on string', 'C:\\wamp64\\www\\codeigniter4\\app\\Views\\index\\index.php', 207)
 2 SYSTEMPATH\View\View.php(228): include('C:\\wamp64\\www\\codeigniter4\\app\\Views\\index\\index.php')
 3 SYSTEMPATH\View\View.php(231): CodeIgniter\View\View->CodeIgniter\View\{closure}()
 4 SYSTEMPATH\Common.php(1190): CodeIgniter\View\View->render('index/index', [], true)
 5 APPPATH\Controllers\Home.php(24): view('index/index', [...])
 6 SYSTEMPATH\CodeIgniter.php(942): App\Controllers\Home->index()
 7 SYSTEMPATH\CodeIgniter.php(502): CodeIgniter\CodeIgniter->runController(Object(App\Controllers\Home))
 8 SYSTEMPATH\CodeIgniter.php(361): CodeIgniter\CodeIgniter->handleRequest(null, Object(Config\Cache), false)
 9 FCPATH\index.php(79): CodeIgniter\CodeIgniter->run()
CRITICAL - 2023-12-04 15:26:42 --> Undefined variable $destaca
in APPPATH\Views\index\index.php on line 155.
 1 APPPATH\Views\index\index.php(155): CodeIgniter\Debug\Exceptions->errorHandler(2, 'Undefined variable $destaca', 'C:\\wamp64\\www\\codeigniter4\\app\\Views\\index\\index.php', 155)
 2 SYSTEMPATH\View\View.php(228): include('C:\\wamp64\\www\\codeigniter4\\app\\Views\\index\\index.php')
 3 SYSTEMPATH\View\View.php(231): CodeIgniter\View\View->CodeIgniter\View\{closure}()
 4 SYSTEMPATH\Common.php(1190): CodeIgniter\View\View->render('index/index', [], true)
 5 APPPATH\Controllers\Home.php(24): view('index/index', [...])
 6 SYSTEMPATH\CodeIgniter.php(942): App\Controllers\Home->index()
 7 SYSTEMPATH\CodeIgniter.php(502): CodeIgniter\CodeIgniter->runController(Object(App\Controllers\Home))
 8 SYSTEMPATH\CodeIgniter.php(361): CodeIgniter\CodeIgniter->handleRequest(null, Object(Config\Cache), false)
 9 FCPATH\index.php(79): CodeIgniter\CodeIgniter->run()
CRITICAL - 2023-12-04 15:26:54 --> Undefined variable $destaca
in APPPATH\Views\index\index.php on line 155.
 1 APPPATH\Views\index\index.php(155): CodeIgniter\Debug\Exceptions->errorHandler(2, 'Undefined variable $destaca', 'C:\\wamp64\\www\\codeigniter4\\app\\Views\\index\\index.php', 155)
 2 SYSTEMPATH\View\View.php(228): include('C:\\wamp64\\www\\codeigniter4\\app\\Views\\index\\index.php')
 3 SYSTEMPATH\View\View.php(231): CodeIgniter\View\View->CodeIgniter\View\{closure}()
 4 SYSTEMPATH\Common.php(1190): CodeIgniter\View\View->render('index/index', [], true)
 5 APPPATH\Controllers\Home.php(24): view('index/index', [...])
 6 SYSTEMPATH\CodeIgniter.php(942): App\Controllers\Home->index()
 7 SYSTEMPATH\CodeIgniter.php(502): CodeIgniter\CodeIgniter->runController(Object(App\Controllers\Home))
 8 SYSTEMPATH\CodeIgniter.php(361): CodeIgniter\CodeIgniter->handleRequest(null, Object(Config\Cache), false)
 9 FCPATH\index.php(79): CodeIgniter\CodeIgniter->run()
WARNING - 2023-12-04 15:27:20 --> [DEPRECATED] number_format(): Passing null to parameter #1 ($num) of type float is deprecated in APPPATH\Views\index\index.php on line 195.
 1 APPPATH\Views\index\index.php(195): number_format(null, 0, ',', '.')
 2 SYSTEMPATH\View\View.php(228): include('C:\\wamp64\\www\\codeigniter4\\app\\Views\\index\\index.php')
 3 SYSTEMPATH\View\View.php(231): CodeIgniter\View\View->CodeIgniter\View\{closure}()
 4 SYSTEMPATH\Common.php(1190): CodeIgniter\View\View->render('index/index', [], true)
 5 APPPATH\Controllers\Home.php(24): view('index/index', [...])
 6 SYSTEMPATH\CodeIgniter.php(942): App\Controllers\Home->index()
 7 SYSTEMPATH\CodeIgniter.php(502): CodeIgniter\CodeIgniter->runController(Object(App\Controllers\Home))
 8 SYSTEMPATH\CodeIgniter.php(361): CodeIgniter\CodeIgniter->handleRequest(null, Object(Config\Cache), false)
 9 FCPATH\index.php(79): CodeIgniter\CodeIgniter->run()
WARNING - 2023-12-04 15:28:38 --> [DEPRECATED] number_format(): Passing null to parameter #1 ($num) of type float is deprecated in APPPATH\Views\index\index.php on line 195.
 1 APPPATH\Views\index\index.php(195): number_format(null, 0, ',', '.')
 2 SYSTEMPATH\View\View.php(228): include('C:\\wamp64\\www\\codeigniter4\\app\\Views\\index\\index.php')
 3 SYSTEMPATH\View\View.php(231): CodeIgniter\View\View->CodeIgniter\View\{closure}()
 4 SYSTEMPATH\Common.php(1190): CodeIgniter\View\View->render('index/index', [], true)
 5 APPPATH\Controllers\Home.php(24): view('index/index', [...])
 6 SYSTEMPATH\CodeIgniter.php(942): App\Controllers\Home->index()
 7 SYSTEMPATH\CodeIgniter.php(502): CodeIgniter\CodeIgniter->runController(Object(App\Controllers\Home))
 8 SYSTEMPATH\CodeIgniter.php(361): CodeIgniter\CodeIgniter->handleRequest(null, Object(Config\Cache), false)
 9 FCPATH\index.php(79): CodeIgniter\CodeIgniter->run()
WARNING - 2023-12-04 15:29:13 --> [DEPRECATED] number_format(): Passing null to parameter #1 ($num) of type float is deprecated in APPPATH\Views\index\index.php on line 195.
 1 APPPATH\Views\index\index.php(195): number_format(null, 0, ',', '.')
 2 SYSTEMPATH\View\View.php(228): include('C:\\wamp64\\www\\codeigniter4\\app\\Views\\index\\index.php')
 3 SYSTEMPATH\View\View.php(231): CodeIgniter\View\View->CodeIgniter\View\{closure}()
 4 SYSTEMPATH\Common.php(1190): CodeIgniter\View\View->render('index/index', [], true)
 5 APPPATH\Controllers\Home.php(24): view('index/index', [...])
 6 SYSTEMPATH\CodeIgniter.php(942): App\Controllers\Home->index()
 7 SYSTEMPATH\CodeIgniter.php(502): CodeIgniter\CodeIgniter->runController(Object(App\Controllers\Home))
 8 SYSTEMPATH\CodeIgniter.php(361): CodeIgniter\CodeIgniter->handleRequest(null, Object(Config\Cache), false)
 9 FCPATH\index.php(79): CodeIgniter\CodeIgniter->run()
WARNING - 2023-12-04 15:29:25 --> [DEPRECATED] number_format(): Passing null to parameter #1 ($num) of type float is deprecated in APPPATH\Views\index\index.php on line 195.
 1 APPPATH\Views\index\index.php(195): number_format(null, 0, ',', '.')
 2 SYSTEMPATH\View\View.php(228): include('C:\\wamp64\\www\\codeigniter4\\app\\Views\\index\\index.php')
 3 SYSTEMPATH\View\View.php(231): CodeIgniter\View\View->CodeIgniter\View\{closure}()
 4 SYSTEMPATH\Common.php(1190): CodeIgniter\View\View->render('index/index', [], true)
 5 APPPATH\Controllers\Home.php(24): view('index/index', [...])
 6 SYSTEMPATH\CodeIgniter.php(942): App\Controllers\Home->index()
 7 SYSTEMPATH\CodeIgniter.php(502): CodeIgniter\CodeIgniter->runController(Object(App\Controllers\Home))
 8 SYSTEMPATH\CodeIgniter.php(361): CodeIgniter\CodeIgniter->handleRequest(null, Object(Config\Cache), false)
 9 FCPATH\index.php(79): CodeIgniter\CodeIgniter->run()
WARNING - 2023-12-04 15:30:25 --> [DEPRECATED] number_format(): Passing null to parameter #1 ($num) of type float is deprecated in APPPATH\Views\index\index.php on line 195.
 1 APPPATH\Views\index\index.php(195): number_format(null, 0, ',', '.')
 2 SYSTEMPATH\View\View.php(228): include('C:\\wamp64\\www\\codeigniter4\\app\\Views\\index\\index.php')
 3 SYSTEMPATH\View\View.php(231): CodeIgniter\View\View->CodeIgniter\View\{closure}()
 4 SYSTEMPATH\Common.php(1190): CodeIgniter\View\View->render('index/index', [], true)
 5 APPPATH\Controllers\Home.php(24): view('index/index', [...])
 6 SYSTEMPATH\CodeIgniter.php(942): App\Controllers\Home->index()
 7 SYSTEMPATH\CodeIgniter.php(502): CodeIgniter\CodeIgniter->runController(Object(App\Controllers\Home))
 8 SYSTEMPATH\CodeIgniter.php(361): CodeIgniter\CodeIgniter->handleRequest(null, Object(Config\Cache), false)
 9 FCPATH\index.php(79): CodeIgniter\CodeIgniter->run()
WARNING - 2023-12-04 15:30:41 --> [DEPRECATED] number_format(): Passing null to parameter #1 ($num) of type float is deprecated in APPPATH\Views\index\index.php on line 195.
 1 APPPATH\Views\index\index.php(195): number_format(null, 0, ',', '.')
 2 SYSTEMPATH\View\View.php(228): include('C:\\wamp64\\www\\codeigniter4\\app\\Views\\index\\index.php')
 3 SYSTEMPATH\View\View.php(231): CodeIgniter\View\View->CodeIgniter\View\{closure}()
 4 SYSTEMPATH\Common.php(1190): CodeIgniter\View\View->render('index/index', [], true)
 5 APPPATH\Controllers\Home.php(24): view('index/index', [...])
 6 SYSTEMPATH\CodeIgniter.php(942): App\Controllers\Home->index()
 7 SYSTEMPATH\CodeIgniter.php(502): CodeIgniter\CodeIgniter->runController(Object(App\Controllers\Home))
 8 SYSTEMPATH\CodeIgniter.php(361): CodeIgniter\CodeIgniter->handleRequest(null, Object(Config\Cache), false)
 9 FCPATH\index.php(79): CodeIgniter\CodeIgniter->run()
WARNING - 2023-12-04 15:31:38 --> [DEPRECATED] number_format(): Passing null to parameter #1 ($num) of type float is deprecated in APPPATH\Views\index\index.php on line 195.
 1 APPPATH\Views\index\index.php(195): number_format(null, 0, ',', '.')
 2 SYSTEMPATH\View\View.php(228): include('C:\\wamp64\\www\\codeigniter4\\app\\Views\\index\\index.php')
 3 SYSTEMPATH\View\View.php(231): CodeIgniter\View\View->CodeIgniter\View\{closure}()
 4 SYSTEMPATH\Common.php(1190): CodeIgniter\View\View->render('index/index', [], true)
 5 APPPATH\Controllers\Home.php(24): view('index/index', [...])
 6 SYSTEMPATH\CodeIgniter.php(942): App\Controllers\Home->index()
 7 SYSTEMPATH\CodeIgniter.php(502): CodeIgniter\CodeIgniter->runController(Object(App\Controllers\Home))
 8 SYSTEMPATH\CodeIgniter.php(361): CodeIgniter\CodeIgniter->handleRequest(null, Object(Config\Cache), false)
 9 FCPATH\index.php(79): CodeIgniter\CodeIgniter->run()
WARNING - 2023-12-04 15:31:41 --> [DEPRECATED] number_format(): Passing null to parameter #1 ($num) of type float is deprecated in APPPATH\Views\index\index.php on line 195.
 1 APPPATH\Views\index\index.php(195): number_format(null, 0, ',', '.')
 2 SYSTEMPATH\View\View.php(228): include('C:\\wamp64\\www\\codeigniter4\\app\\Views\\index\\index.php')
 3 SYSTEMPATH\View\View.php(231): CodeIgniter\View\View->CodeIgniter\View\{closure}()
 4 SYSTEMPATH\Common.php(1190): CodeIgniter\View\View->render('index/index', [], true)
 5 APPPATH\Controllers\Home.php(24): view('index/index', [...])
 6 SYSTEMPATH\CodeIgniter.php(942): App\Controllers\Home->index()
 7 SYSTEMPATH\CodeIgniter.php(502): CodeIgniter\CodeIgniter->runController(Object(App\Controllers\Home))
 8 SYSTEMPATH\CodeIgniter.php(361): CodeIgniter\CodeIgniter->handleRequest(null, Object(Config\Cache), false)
 9 FCPATH\index.php(79): CodeIgniter\CodeIgniter->run()
WARNING - 2023-12-04 15:31:46 --> [DEPRECATED] number_format(): Passing null to parameter #1 ($num) of type float is deprecated in APPPATH\Views\index\index.php on line 195.
 1 APPPATH\Views\index\index.php(195): number_format(null, 0, ',', '.')
 2 SYSTEMPATH\View\View.php(228): include('C:\\wamp64\\www\\codeigniter4\\app\\Views\\index\\index.php')
 3 SYSTEMPATH\View\View.php(231): CodeIgniter\View\View->CodeIgniter\View\{closure}()
 4 SYSTEMPATH\Common.php(1190): CodeIgniter\View\View->render('index/index', [], true)
 5 APPPATH\Controllers\Home.php(24): view('index/index', [...])
 6 SYSTEMPATH\CodeIgniter.php(942): App\Controllers\Home->index()
 7 SYSTEMPATH\CodeIgniter.php(502): CodeIgniter\CodeIgniter->runController(Object(App\Controllers\Home))
 8 SYSTEMPATH\CodeIgniter.php(361): CodeIgniter\CodeIgniter->handleRequest(null, Object(Config\Cache), false)
 9 FCPATH\index.php(79): CodeIgniter\CodeIgniter->run()
CRITICAL - 2023-12-04 15:32:17 --> Undefined variable $destaca
in APPPATH\Views\index\index.php on line 168.
 1 APPPATH\Views\index\index.php(168): CodeIgniter\Debug\Exceptions->errorHandler(2, 'Undefined variable $destaca', 'C:\\wamp64\\www\\codeigniter4\\app\\Views\\index\\index.php', 168)
 2 SYSTEMPATH\View\View.php(228): include('C:\\wamp64\\www\\codeigniter4\\app\\Views\\index\\index.php')
 3 SYSTEMPATH\View\View.php(231): CodeIgniter\View\View->CodeIgniter\View\{closure}()
 4 SYSTEMPATH\Common.php(1190): CodeIgniter\View\View->render('index/index', [], true)
 5 APPPATH\Controllers\Home.php(24): view('index/index', [...])
 6 SYSTEMPATH\CodeIgniter.php(942): App\Controllers\Home->index()
 7 SYSTEMPATH\CodeIgniter.php(502): CodeIgniter\CodeIgniter->runController(Object(App\Controllers\Home))
 8 SYSTEMPATH\CodeIgniter.php(361): CodeIgniter\CodeIgniter->handleRequest(null, Object(Config\Cache), false)
 9 FCPATH\index.php(79): CodeIgniter\CodeIgniter->run()
